2022-04-16 19:35:03.0759 Microsoft.AspNetCore.Server.Kestrel Overriding address(es) 'http://localhost:5165'. Binding to endpoints defined via IConfiguration and/or UseKestrel() instead.
2022-04-16 19:35:04.4368 Microsoft.Hosting.Lifetime Now listening on: http://[::]:50008
2022-04-16 19:35:04.4436 Microsoft.Hosting.Lifetime Application started. Press Ctrl+C to shut down.
2022-04-16 19:35:04.4557 Microsoft.Hosting.Lifetime Hosting environment: Development
2022-04-16 19:35:04.4557 Microsoft.Hosting.Lifetime Content root path: C:\Workshops\asp.net-core\6.0\dotnetconsulting.UserManagement\dotnetconsulting.UserManagement.WebApi\
2022-04-17 09:24:06.9511 Microsoft.AspNetCore.Server.Kestrel Overriding address(es) 'http://localhost:5165'. Binding to endpoints defined via IConfiguration and/or UseKestrel() instead.
2022-04-17 09:24:07.0453 Microsoft.Hosting.Lifetime Now listening on: http://[::]:50008
2022-04-17 09:24:07.0523 Microsoft.Hosting.Lifetime Application started. Press Ctrl+C to shut down.
2022-04-17 09:24:07.0523 Microsoft.Hosting.Lifetime Hosting environment: Development
2022-04-17 09:24:07.0523 Microsoft.Hosting.Lifetime Content root path: C:\Workshops\asp.net-core\6.0\dotnetconsulting.UserManagement\dotnetconsulting.UserManagement.WebApi\
2022-04-17 09:33:44.3810 Microsoft.EntityFrameworkCore.Infrastructure Entity Framework Core 6.0.3 initialized 'UserManagementContext' using provider 'Microsoft.EntityFrameworkCore.SqlServer:6.0.3' with options: MaxPoolSize=1024 
2022-04-17 09:33:44.4449 dotnetconsulting.UserManagement.Logic.Logic FetchAvailableSystemPermissionsAsync()
2022-04-17 09:33:45.5467 Microsoft.EntityFrameworkCore.Database.Command Executed DbCommand (51ms) [Parameters=[], CommandType='Text', CommandTimeout='30']
SELECT [r].[ObjectId], [r].[Rolename]
FROM [dbo].[Roles] AS [r]
ORDER BY [r].[Rolename]
2022-04-17 09:34:50.6023 dotnetconsulting.UserManagement.Logic.Logic FetchSingleUserAsync(g000116)
2022-04-17 09:34:50.7526 Microsoft.EntityFrameworkCore.Query Compiling a query which loads related collections for more than one collection navigation, either via 'Include' or through projection, but no 'QuerySplittingBehavior' has been configured. By default, Entity Framework will use 'QuerySplittingBehavior.SingleQuery', which can potentially result in slow query performance. See https://go.microsoft.com/fwlink/?linkid=2134277 for more information. To identify the query that's triggering this warning call 'ConfigureWarnings(w => w.Throw(RelationalEventId.MultipleCollectionIncludeWarning))'.
2022-04-17 09:34:50.8405 Microsoft.EntityFrameworkCore.Database.Command Executed DbCommand (56ms) [Parameters=[@__UNumber_0='?' (Size = 450)], CommandType='Text', CommandTimeout='30']
SELECT [t].[ObjectId], [t].[Email], [t].[FirstName], [t].[LastName], [t].[Name], [t].[ResourceId], [t0].[ObjectId], [t0].[Rolename], [t0].[ObjectId0], [u1].[ObjectId], [u1].[PlantCode], [u1].[UserObjectId]
FROM (
    SELECT TOP(1) [u].[ObjectId], [u].[Email], [u].[FirstName], [u].[LastName], [u].[Name], [u].[ResourceId]
    FROM [dbo].[Users] AS [u]
    WHERE [u].[Name] = @__UNumber_0
) AS [t]
LEFT JOIN (
    SELECT [r].[ObjectId], [r].[Rolename], [u0].[ObjectId] AS [ObjectId0], [u0].[UserObjectId]
    FROM [dbo].[UserRoles] AS [u0]
    INNER JOIN [dbo].[Roles] AS [r] ON [u0].[RoleObjectId] = [r].[ObjectId]
) AS [t0] ON [t].[ObjectId] = [t0].[UserObjectId]
LEFT JOIN [dbo].[UserPlantCodes] AS [u1] ON [t].[ObjectId] = [u1].[UserObjectId]
ORDER BY [t].[ObjectId], [t0].[ObjectId0], [t0].[ObjectId]
2022-04-17 09:34:51.2967 dotnetconsulting.UserMangement.WebApi.Code.ArgumentOutOfRangeExceptionHandler ArgumentOutOfRangeExceptionSystem.ArgumentOutOfRangeException: Specified argument was out of the range of valid values. (Parameter 'UNumber')
   at dotnetconsulting.UserManagement.Logic.Logic.FetchSingleUserAsync(String UNumber, CancellationToken cancellationToken) in C:\Workshops\asp.net-core\6.0\dotnetconsulting.UserManagement\dotnetconsulting.UserManagement.Logic\Logic.cs:line 223
   at dotnetconsulting.UserMangement.WebApi.Controllers.UserManagementController.FetchSingleUser(String UNumber, CancellationToken cancellationToken) in C:\Workshops\asp.net-core\6.0\dotnetconsulting.UserManagement\dotnetconsulting.UserManagement.WebApi\Controllers\UserManagementController.cs:line 107
   at lambda_method32(Closure , Object )
   at Microsoft.AspNetCore.Mvc.Infrastructure.ActionMethodExecutor.AwaitableObjectResultExecutor.Execute(IActionResultTypeMapper mapper, ObjectMethodExecutor executor, Object controller, Object[] arguments)
   at Microsoft.AspNetCore.Mvc.Infrastructure.ControllerActionInvoker.<InvokeActionMethodAsync>g__Awaited|12_0(ControllerActionInvoker invoker, ValueTask`1 actionResultValueTask)
   at Microsoft.AspNetCore.Mvc.Infrastructure.ControllerActionInvoker.<InvokeNextActionFilterAsync>g__Awaited|10_0(ControllerActionInvoker invoker, Task lastTask, State next, Scope scope, Object state, Boolean isCompleted)
   at Microsoft.AspNetCore.Mvc.Infrastructure.ControllerActionInvoker.Rethrow(ActionExecutedContextSealed context)
   at Microsoft.AspNetCore.Mvc.Infrastructure.ControllerActionInvoker.Next(State& next, Scope& scope, Object& state, Boolean& isCompleted)
   at Microsoft.AspNetCore.Mvc.Infrastructure.ControllerActionInvoker.<InvokeInnerFilterAsync>g__Awaited|13_0(ControllerActionInvoker invoker, Task lastTask, State next, Scope scope, Object state, Boolean isCompleted)
   at Microsoft.AspNetCore.Mvc.Infrastructure.ResourceInvoker.<InvokeNextExceptionFilterAsync>g__Awaited|26_0(ResourceInvoker invoker, Task lastTask, State next, Scope scope, Object state, Boolean isCompleted)
2022-04-17 09:35:07.2938 dotnetconsulting.UserManagement.Logic.Logic FetchSingleUserAsync(x992747)
2022-04-17 09:35:07.3174 Microsoft.EntityFrameworkCore.Database.Command Executed DbCommand (5ms) [Parameters=[@__UNumber_0='?' (Size = 450)], CommandType='Text', CommandTimeout='30']
SELECT [t].[ObjectId], [t].[Email], [t].[FirstName], [t].[LastName], [t].[Name], [t].[ResourceId], [t0].[ObjectId], [t0].[Rolename], [t0].[ObjectId0], [u1].[ObjectId], [u1].[PlantCode], [u1].[UserObjectId]
FROM (
    SELECT TOP(1) [u].[ObjectId], [u].[Email], [u].[FirstName], [u].[LastName], [u].[Name], [u].[ResourceId]
    FROM [dbo].[Users] AS [u]
    WHERE [u].[Name] = @__UNumber_0
) AS [t]
LEFT JOIN (
    SELECT [r].[ObjectId], [r].[Rolename], [u0].[ObjectId] AS [ObjectId0], [u0].[UserObjectId]
    FROM [dbo].[UserRoles] AS [u0]
    INNER JOIN [dbo].[Roles] AS [r] ON [u0].[RoleObjectId] = [r].[ObjectId]
) AS [t0] ON [t].[ObjectId] = [t0].[UserObjectId]
LEFT JOIN [dbo].[UserPlantCodes] AS [u1] ON [t].[ObjectId] = [u1].[UserObjectId]
ORDER BY [t].[ObjectId], [t0].[ObjectId0], [t0].[ObjectId]
2022-04-17 09:35:07.5670 dotnetconsulting.UserMangement.WebApi.Code.ArgumentOutOfRangeExceptionHandler ArgumentOutOfRangeExceptionSystem.ArgumentOutOfRangeException: Specified argument was out of the range of valid values. (Parameter 'UNumber')
   at dotnetconsulting.UserManagement.Logic.Logic.FetchSingleUserAsync(String UNumber, CancellationToken cancellationToken) in C:\Workshops\asp.net-core\6.0\dotnetconsulting.UserManagement\dotnetconsulting.UserManagement.Logic\Logic.cs:line 223
   at dotnetconsulting.UserMangement.WebApi.Controllers.UserManagementController.FetchSingleUser(String UNumber, CancellationToken cancellationToken) in C:\Workshops\asp.net-core\6.0\dotnetconsulting.UserManagement\dotnetconsulting.UserManagement.WebApi\Controllers\UserManagementController.cs:line 107
   at lambda_method32(Closure , Object )
   at Microsoft.AspNetCore.Mvc.Infrastructure.ActionMethodExecutor.AwaitableObjectResultExecutor.Execute(IActionResultTypeMapper mapper, ObjectMethodExecutor executor, Object controller, Object[] arguments)
   at Microsoft.AspNetCore.Mvc.Infrastructure.ControllerActionInvoker.<InvokeActionMethodAsync>g__Awaited|12_0(ControllerActionInvoker invoker, ValueTask`1 actionResultValueTask)
   at Microsoft.AspNetCore.Mvc.Infrastructure.ControllerActionInvoker.<InvokeNextActionFilterAsync>g__Awaited|10_0(ControllerActionInvoker invoker, Task lastTask, State next, Scope scope, Object state, Boolean isCompleted)
   at Microsoft.AspNetCore.Mvc.Infrastructure.ControllerActionInvoker.Rethrow(ActionExecutedContextSealed context)
   at Microsoft.AspNetCore.Mvc.Infrastructure.ControllerActionInvoker.Next(State& next, Scope& scope, Object& state, Boolean& isCompleted)
   at Microsoft.AspNetCore.Mvc.Infrastructure.ControllerActionInvoker.<InvokeInnerFilterAsync>g__Awaited|13_0(ControllerActionInvoker invoker, Task lastTask, State next, Scope scope, Object state, Boolean isCompleted)
   at Microsoft.AspNetCore.Mvc.Infrastructure.ResourceInvoker.<InvokeNextExceptionFilterAsync>g__Awaited|26_0(ResourceInvoker invoker, Task lastTask, State next, Scope scope, Object state, Boolean isCompleted)
2022-04-17 09:35:41.6807 dotnetconsulting.UserManagement.Logic.Logic FetchSingleUserAsync(x992747)
2022-04-17 09:35:41.7195 Microsoft.EntityFrameworkCore.Database.Command Executed DbCommand (9ms) [Parameters=[@__UNumber_0='?' (Size = 450)], CommandType='Text', CommandTimeout='30']
SELECT [t].[ObjectId], [t].[Email], [t].[FirstName], [t].[LastName], [t].[Name], [t].[ResourceId], [t0].[ObjectId], [t0].[Rolename], [t0].[ObjectId0], [u1].[ObjectId], [u1].[PlantCode], [u1].[UserObjectId]
FROM (
    SELECT TOP(1) [u].[ObjectId], [u].[Email], [u].[FirstName], [u].[LastName], [u].[Name], [u].[ResourceId]
    FROM [dbo].[Users] AS [u]
    WHERE [u].[Name] = @__UNumber_0
) AS [t]
LEFT JOIN (
    SELECT [r].[ObjectId], [r].[Rolename], [u0].[ObjectId] AS [ObjectId0], [u0].[UserObjectId]
    FROM [dbo].[UserRoles] AS [u0]
    INNER JOIN [dbo].[Roles] AS [r] ON [u0].[RoleObjectId] = [r].[ObjectId]
) AS [t0] ON [t].[ObjectId] = [t0].[UserObjectId]
LEFT JOIN [dbo].[UserPlantCodes] AS [u1] ON [t].[ObjectId] = [u1].[UserObjectId]
ORDER BY [t].[ObjectId], [t0].[ObjectId0], [t0].[ObjectId]
2022-04-17 09:35:41.9453 dotnetconsulting.UserMangement.WebApi.Code.ArgumentOutOfRangeExceptionHandler ArgumentOutOfRangeExceptionSystem.ArgumentOutOfRangeException: Specified argument was out of the range of valid values. (Parameter 'UNumber')
   at dotnetconsulting.UserManagement.Logic.Logic.FetchSingleUserAsync(String UNumber, CancellationToken cancellationToken) in C:\Workshops\asp.net-core\6.0\dotnetconsulting.UserManagement\dotnetconsulting.UserManagement.Logic\Logic.cs:line 223
   at dotnetconsulting.UserMangement.WebApi.Controllers.UserManagementController.FetchSingleUser(String UNumber, CancellationToken cancellationToken) in C:\Workshops\asp.net-core\6.0\dotnetconsulting.UserManagement\dotnetconsulting.UserManagement.WebApi\Controllers\UserManagementController.cs:line 107
   at lambda_method32(Closure , Object )
   at Microsoft.AspNetCore.Mvc.Infrastructure.ActionMethodExecutor.AwaitableObjectResultExecutor.Execute(IActionResultTypeMapper mapper, ObjectMethodExecutor executor, Object controller, Object[] arguments)
   at Microsoft.AspNetCore.Mvc.Infrastructure.ControllerActionInvoker.<InvokeActionMethodAsync>g__Awaited|12_0(ControllerActionInvoker invoker, ValueTask`1 actionResultValueTask)
   at Microsoft.AspNetCore.Mvc.Infrastructure.ControllerActionInvoker.<InvokeNextActionFilterAsync>g__Awaited|10_0(ControllerActionInvoker invoker, Task lastTask, State next, Scope scope, Object state, Boolean isCompleted)
   at Microsoft.AspNetCore.Mvc.Infrastructure.ControllerActionInvoker.Rethrow(ActionExecutedContextSealed context)
   at Microsoft.AspNetCore.Mvc.Infrastructure.ControllerActionInvoker.Next(State& next, Scope& scope, Object& state, Boolean& isCompleted)
   at Microsoft.AspNetCore.Mvc.Infrastructure.ControllerActionInvoker.<InvokeInnerFilterAsync>g__Awaited|13_0(ControllerActionInvoker invoker, Task lastTask, State next, Scope scope, Object state, Boolean isCompleted)
   at Microsoft.AspNetCore.Mvc.Infrastructure.ResourceInvoker.<InvokeNextExceptionFilterAsync>g__Awaited|26_0(ResourceInvoker invoker, Task lastTask, State next, Scope scope, Object state, Boolean isCompleted)
2022-04-17 09:35:47.7900 dotnetconsulting.UserManagement.Logic.Logic FetchAvailableSystemPermissionsAsync()
2022-04-17 09:35:47.8009 Microsoft.EntityFrameworkCore.Database.Command Executed DbCommand (3ms) [Parameters=[], CommandType='Text', CommandTimeout='30']
SELECT [r].[ObjectId], [r].[Rolename]
FROM [dbo].[Roles] AS [r]
ORDER BY [r].[Rolename]
2022-04-17 09:36:02.8879 dotnetconsulting.UserManagement.Logic.Logic FetchSingleUserAsync(x992747)
2022-04-17 09:36:02.9034 Microsoft.EntityFrameworkCore.Database.Command Executed DbCommand (7ms) [Parameters=[@__UNumber_0='?' (Size = 450)], CommandType='Text', CommandTimeout='30']
SELECT [t].[ObjectId], [t].[Email], [t].[FirstName], [t].[LastName], [t].[Name], [t].[ResourceId], [t0].[ObjectId], [t0].[Rolename], [t0].[ObjectId0], [u1].[ObjectId], [u1].[PlantCode], [u1].[UserObjectId]
FROM (
    SELECT TOP(1) [u].[ObjectId], [u].[Email], [u].[FirstName], [u].[LastName], [u].[Name], [u].[ResourceId]
    FROM [dbo].[Users] AS [u]
    WHERE [u].[Name] = @__UNumber_0
) AS [t]
LEFT JOIN (
    SELECT [r].[ObjectId], [r].[Rolename], [u0].[ObjectId] AS [ObjectId0], [u0].[UserObjectId]
    FROM [dbo].[UserRoles] AS [u0]
    INNER JOIN [dbo].[Roles] AS [r] ON [u0].[RoleObjectId] = [r].[ObjectId]
) AS [t0] ON [t].[ObjectId] = [t0].[UserObjectId]
LEFT JOIN [dbo].[UserPlantCodes] AS [u1] ON [t].[ObjectId] = [u1].[UserObjectId]
ORDER BY [t].[ObjectId], [t0].[ObjectId0], [t0].[ObjectId]
2022-04-17 09:36:03.1242 dotnetconsulting.UserMangement.WebApi.Code.ArgumentOutOfRangeExceptionHandler ArgumentOutOfRangeExceptionSystem.ArgumentOutOfRangeException: Specified argument was out of the range of valid values. (Parameter 'UNumber')
   at dotnetconsulting.UserManagement.Logic.Logic.FetchSingleUserAsync(String UNumber, CancellationToken cancellationToken) in C:\Workshops\asp.net-core\6.0\dotnetconsulting.UserManagement\dotnetconsulting.UserManagement.Logic\Logic.cs:line 223
   at dotnetconsulting.UserMangement.WebApi.Controllers.UserManagementController.FetchSingleUser(String UNumber, CancellationToken cancellationToken) in C:\Workshops\asp.net-core\6.0\dotnetconsulting.UserManagement\dotnetconsulting.UserManagement.WebApi\Controllers\UserManagementController.cs:line 107
   at lambda_method32(Closure , Object )
   at Microsoft.AspNetCore.Mvc.Infrastructure.ActionMethodExecutor.AwaitableObjectResultExecutor.Execute(IActionResultTypeMapper mapper, ObjectMethodExecutor executor, Object controller, Object[] arguments)
   at Microsoft.AspNetCore.Mvc.Infrastructure.ControllerActionInvoker.<InvokeActionMethodAsync>g__Awaited|12_0(ControllerActionInvoker invoker, ValueTask`1 actionResultValueTask)
   at Microsoft.AspNetCore.Mvc.Infrastructure.ControllerActionInvoker.<InvokeNextActionFilterAsync>g__Awaited|10_0(ControllerActionInvoker invoker, Task lastTask, State next, Scope scope, Object state, Boolean isCompleted)
   at Microsoft.AspNetCore.Mvc.Infrastructure.ControllerActionInvoker.Rethrow(ActionExecutedContextSealed context)
   at Microsoft.AspNetCore.Mvc.Infrastructure.ControllerActionInvoker.Next(State& next, Scope& scope, Object& state, Boolean& isCompleted)
   at Microsoft.AspNetCore.Mvc.Infrastructure.ControllerActionInvoker.<InvokeInnerFilterAsync>g__Awaited|13_0(ControllerActionInvoker invoker, Task lastTask, State next, Scope scope, Object state, Boolean isCompleted)
   at Microsoft.AspNetCore.Mvc.Infrastructure.ResourceInvoker.<InvokeNextExceptionFilterAsync>g__Awaited|26_0(ResourceInvoker invoker, Task lastTask, State next, Scope scope, Object state, Boolean isCompleted)
2022-04-17 09:36:29.4816 dotnetconsulting.UserManagement.Logic.Logic FetchSingleUserAsync(x992747)
2022-04-17 09:36:29.4992 Microsoft.EntityFrameworkCore.Database.Command Executed DbCommand (4ms) [Parameters=[@__UNumber_0='?' (Size = 450)], CommandType='Text', CommandTimeout='30']
SELECT [t].[ObjectId], [t].[Email], [t].[FirstName], [t].[LastName], [t].[Name], [t].[ResourceId], [t0].[ObjectId], [t0].[Rolename], [t0].[ObjectId0], [u1].[ObjectId], [u1].[PlantCode], [u1].[UserObjectId]
FROM (
    SELECT TOP(1) [u].[ObjectId], [u].[Email], [u].[FirstName], [u].[LastName], [u].[Name], [u].[ResourceId]
    FROM [dbo].[Users] AS [u]
    WHERE [u].[Name] = @__UNumber_0
) AS [t]
LEFT JOIN (
    SELECT [r].[ObjectId], [r].[Rolename], [u0].[ObjectId] AS [ObjectId0], [u0].[UserObjectId]
    FROM [dbo].[UserRoles] AS [u0]
    INNER JOIN [dbo].[Roles] AS [r] ON [u0].[RoleObjectId] = [r].[ObjectId]
) AS [t0] ON [t].[ObjectId] = [t0].[UserObjectId]
LEFT JOIN [dbo].[UserPlantCodes] AS [u1] ON [t].[ObjectId] = [u1].[UserObjectId]
ORDER BY [t].[ObjectId], [t0].[ObjectId0], [t0].[ObjectId]
2022-04-17 09:36:29.6834 dotnetconsulting.UserMangement.WebApi.Code.ArgumentOutOfRangeExceptionHandler ArgumentOutOfRangeExceptionSystem.ArgumentOutOfRangeException: Specified argument was out of the range of valid values. (Parameter 'UNumber')
   at dotnetconsulting.UserManagement.Logic.Logic.FetchSingleUserAsync(String UNumber, CancellationToken cancellationToken) in C:\Workshops\asp.net-core\6.0\dotnetconsulting.UserManagement\dotnetconsulting.UserManagement.Logic\Logic.cs:line 223
   at dotnetconsulting.UserMangement.WebApi.Controllers.UserManagementController.FetchSingleUser(String UNumber, CancellationToken cancellationToken) in C:\Workshops\asp.net-core\6.0\dotnetconsulting.UserManagement\dotnetconsulting.UserManagement.WebApi\Controllers\UserManagementController.cs:line 107
   at lambda_method32(Closure , Object )
   at Microsoft.AspNetCore.Mvc.Infrastructure.ActionMethodExecutor.AwaitableObjectResultExecutor.Execute(IActionResultTypeMapper mapper, ObjectMethodExecutor executor, Object controller, Object[] arguments)
   at Microsoft.AspNetCore.Mvc.Infrastructure.ControllerActionInvoker.<InvokeActionMethodAsync>g__Awaited|12_0(ControllerActionInvoker invoker, ValueTask`1 actionResultValueTask)
   at Microsoft.AspNetCore.Mvc.Infrastructure.ControllerActionInvoker.<InvokeNextActionFilterAsync>g__Awaited|10_0(ControllerActionInvoker invoker, Task lastTask, State next, Scope scope, Object state, Boolean isCompleted)
   at Microsoft.AspNetCore.Mvc.Infrastructure.ControllerActionInvoker.Rethrow(ActionExecutedContextSealed context)
   at Microsoft.AspNetCore.Mvc.Infrastructure.ControllerActionInvoker.Next(State& next, Scope& scope, Object& state, Boolean& isCompleted)
   at Microsoft.AspNetCore.Mvc.Infrastructure.ControllerActionInvoker.<InvokeInnerFilterAsync>g__Awaited|13_0(ControllerActionInvoker invoker, Task lastTask, State next, Scope scope, Object state, Boolean isCompleted)
   at Microsoft.AspNetCore.Mvc.Infrastructure.ResourceInvoker.<InvokeNextExceptionFilterAsync>g__Awaited|26_0(ResourceInvoker invoker, Task lastTask, State next, Scope scope, Object state, Boolean isCompleted)
2022-04-17 09:37:18.5363 dotnetconsulting.UserManagement.Logic.Logic FetchSingleUserAsync(U000004)
2022-04-17 09:37:18.5578 Microsoft.EntityFrameworkCore.Database.Command Executed DbCommand (3ms) [Parameters=[@__UNumber_0='?' (Size = 450)], CommandType='Text', CommandTimeout='30']
SELECT [t].[ObjectId], [t].[Email], [t].[FirstName], [t].[LastName], [t].[Name], [t].[ResourceId], [t0].[ObjectId], [t0].[Rolename], [t0].[ObjectId0], [u1].[ObjectId], [u1].[PlantCode], [u1].[UserObjectId]
FROM (
    SELECT TOP(1) [u].[ObjectId], [u].[Email], [u].[FirstName], [u].[LastName], [u].[Name], [u].[ResourceId]
    FROM [dbo].[Users] AS [u]
    WHERE [u].[Name] = @__UNumber_0
) AS [t]
LEFT JOIN (
    SELECT [r].[ObjectId], [r].[Rolename], [u0].[ObjectId] AS [ObjectId0], [u0].[UserObjectId]
    FROM [dbo].[UserRoles] AS [u0]
    INNER JOIN [dbo].[Roles] AS [r] ON [u0].[RoleObjectId] = [r].[ObjectId]
) AS [t0] ON [t].[ObjectId] = [t0].[UserObjectId]
LEFT JOIN [dbo].[UserPlantCodes] AS [u1] ON [t].[ObjectId] = [u1].[UserObjectId]
ORDER BY [t].[ObjectId], [t0].[ObjectId0], [t0].[ObjectId]
2022-04-17 09:37:29.1403 dotnetconsulting.UserManagement.Logic.Logic FetchSingleUserAsync(U000012)
2022-04-17 09:37:29.1552 Microsoft.EntityFrameworkCore.Database.Command Executed DbCommand (5ms) [Parameters=[@__UNumber_0='?' (Size = 450)], CommandType='Text', CommandTimeout='30']
SELECT [t].[ObjectId], [t].[Email], [t].[FirstName], [t].[LastName], [t].[Name], [t].[ResourceId], [t0].[ObjectId], [t0].[Rolename], [t0].[ObjectId0], [u1].[ObjectId], [u1].[PlantCode], [u1].[UserObjectId]
FROM (
    SELECT TOP(1) [u].[ObjectId], [u].[Email], [u].[FirstName], [u].[LastName], [u].[Name], [u].[ResourceId]
    FROM [dbo].[Users] AS [u]
    WHERE [u].[Name] = @__UNumber_0
) AS [t]
LEFT JOIN (
    SELECT [r].[ObjectId], [r].[Rolename], [u0].[ObjectId] AS [ObjectId0], [u0].[UserObjectId]
    FROM [dbo].[UserRoles] AS [u0]
    INNER JOIN [dbo].[Roles] AS [r] ON [u0].[RoleObjectId] = [r].[ObjectId]
) AS [t0] ON [t].[ObjectId] = [t0].[UserObjectId]
LEFT JOIN [dbo].[UserPlantCodes] AS [u1] ON [t].[ObjectId] = [u1].[UserObjectId]
ORDER BY [t].[ObjectId], [t0].[ObjectId0], [t0].[ObjectId]
2022-04-17 09:37:58.5309 dotnetconsulting.UserManagement.Logic.Logic FetchAllUsersAsync()
2022-04-17 09:37:58.5555 Microsoft.EntityFrameworkCore.Query Compiling a query which loads related collections for more than one collection navigation, either via 'Include' or through projection, but no 'QuerySplittingBehavior' has been configured. By default, Entity Framework will use 'QuerySplittingBehavior.SingleQuery', which can potentially result in slow query performance. See https://go.microsoft.com/fwlink/?linkid=2134277 for more information. To identify the query that's triggering this warning call 'ConfigureWarnings(w => w.Throw(RelationalEventId.MultipleCollectionIncludeWarning))'.
2022-04-17 09:37:58.6044 Microsoft.EntityFrameworkCore.Database.Command Executed DbCommand (16ms) [Parameters=[], CommandType='Text', CommandTimeout='30']
SELECT [u].[ObjectId], [u].[Email], [u].[FirstName], [u].[LastName], [u].[Name], [u].[ResourceId], [t].[ObjectId], [t].[Rolename], [t].[ObjectId0], [u1].[ObjectId], [u1].[PlantCode], [u1].[UserObjectId]
FROM [dbo].[Users] AS [u]
LEFT JOIN (
    SELECT [r].[ObjectId], [r].[Rolename], [u0].[ObjectId] AS [ObjectId0], [u0].[UserObjectId]
    FROM [dbo].[UserRoles] AS [u0]
    INNER JOIN [dbo].[Roles] AS [r] ON [u0].[RoleObjectId] = [r].[ObjectId]
) AS [t] ON [u].[ObjectId] = [t].[UserObjectId]
LEFT JOIN [dbo].[UserPlantCodes] AS [u1] ON [u].[ObjectId] = [u1].[UserObjectId]
ORDER BY [u].[Name], [u].[ObjectId], [t].[ObjectId0], [t].[ObjectId]
2022-04-17 09:39:38.1630 dotnetconsulting.UserManagement.Logic.Logic FetchAvailablePlantsAsync()
2022-04-17 09:45:26.6716 dotnetconsulting.UserManagement.Logic.Logic DeactivateUser(u000008)
2022-04-17 09:45:26.6869 Microsoft.EntityFrameworkCore.Database.Command Executed DbCommand (1ms) [Parameters=[@__UNumber_0='?' (Size = 450)], CommandType='Text', CommandTimeout='30']
SELECT TOP(1) [u].[ObjectId], [u].[Email], [u].[FirstName], [u].[LastName], [u].[Name], [u].[ResourceId]
FROM [dbo].[Users] AS [u]
WHERE [u].[Name] = @__UNumber_0
2022-04-17 09:45:26.7383 dotnetconsulting.UserMangement.WebApi.Code.ArgumentOutOfRangeExceptionHandler ArgumentOutOfRangeExceptionSystem.ArgumentOutOfRangeException: Specified argument was out of the range of valid values. (Parameter 'UNumber')
   at dotnetconsulting.UserManagement.Logic.Logic.DeactivateUserAsync(String UNumber, CancellationToken cancellationToken) in C:\Workshops\asp.net-core\6.0\dotnetconsulting.UserManagement\dotnetconsulting.UserManagement.Logic\Logic.cs:line 257
   at dotnetconsulting.UserMangement.WebApi.Controllers.UserManagementController.DeactivateUser(String UNumber, CancellationToken cancellationToken) in C:\Workshops\asp.net-core\6.0\dotnetconsulting.UserManagement\dotnetconsulting.UserManagement.WebApi\Controllers\UserManagementController.cs:line 125
   at lambda_method113(Closure , Object )
   at Microsoft.AspNetCore.Mvc.Infrastructure.ActionMethodExecutor.TaskOfActionResultExecutor.Execute(IActionResultTypeMapper mapper, ObjectMethodExecutor executor, Object controller, Object[] arguments)
   at Microsoft.AspNetCore.Mvc.Infrastructure.ControllerActionInvoker.<InvokeActionMethodAsync>g__Awaited|12_0(ControllerActionInvoker invoker, ValueTask`1 actionResultValueTask)
   at Microsoft.AspNetCore.Mvc.Infrastructure.ControllerActionInvoker.<InvokeNextActionFilterAsync>g__Awaited|10_0(ControllerActionInvoker invoker, Task lastTask, State next, Scope scope, Object state, Boolean isCompleted)
   at Microsoft.AspNetCore.Mvc.Infrastructure.ControllerActionInvoker.Rethrow(ActionExecutedContextSealed context)
   at Microsoft.AspNetCore.Mvc.Infrastructure.ControllerActionInvoker.Next(State& next, Scope& scope, Object& state, Boolean& isCompleted)
   at Microsoft.AspNetCore.Mvc.Infrastructure.ControllerActionInvoker.<InvokeInnerFilterAsync>g__Awaited|13_0(ControllerActionInvoker invoker, Task lastTask, State next, Scope scope, Object state, Boolean isCompleted)
   at Microsoft.AspNetCore.Mvc.Infrastructure.ResourceInvoker.<InvokeNextExceptionFilterAsync>g__Awaited|26_0(ResourceInvoker invoker, Task lastTask, State next, Scope scope, Object state, Boolean isCompleted)
2022-04-17 09:45:28.6885 dotnetconsulting.UserManagement.Logic.Logic DeactivateUser(u000008)
2022-04-17 09:45:28.6952 Microsoft.EntityFrameworkCore.Database.Command Executed DbCommand (2ms) [Parameters=[@__UNumber_0='?' (Size = 450)], CommandType='Text', CommandTimeout='30']
SELECT TOP(1) [u].[ObjectId], [u].[Email], [u].[FirstName], [u].[LastName], [u].[Name], [u].[ResourceId]
FROM [dbo].[Users] AS [u]
WHERE [u].[Name] = @__UNumber_0
2022-04-17 09:45:28.7496 dotnetconsulting.UserMangement.WebApi.Code.ArgumentOutOfRangeExceptionHandler ArgumentOutOfRangeExceptionSystem.ArgumentOutOfRangeException: Specified argument was out of the range of valid values. (Parameter 'UNumber')
   at dotnetconsulting.UserManagement.Logic.Logic.DeactivateUserAsync(String UNumber, CancellationToken cancellationToken) in C:\Workshops\asp.net-core\6.0\dotnetconsulting.UserManagement\dotnetconsulting.UserManagement.Logic\Logic.cs:line 257
   at dotnetconsulting.UserMangement.WebApi.Controllers.UserManagementController.DeactivateUser(String UNumber, CancellationToken cancellationToken) in C:\Workshops\asp.net-core\6.0\dotnetconsulting.UserManagement\dotnetconsulting.UserManagement.WebApi\Controllers\UserManagementController.cs:line 125
   at lambda_method113(Closure , Object )
   at Microsoft.AspNetCore.Mvc.Infrastructure.ActionMethodExecutor.TaskOfActionResultExecutor.Execute(IActionResultTypeMapper mapper, ObjectMethodExecutor executor, Object controller, Object[] arguments)
   at Microsoft.AspNetCore.Mvc.Infrastructure.ControllerActionInvoker.<InvokeActionMethodAsync>g__Awaited|12_0(ControllerActionInvoker invoker, ValueTask`1 actionResultValueTask)
   at Microsoft.AspNetCore.Mvc.Infrastructure.ControllerActionInvoker.<InvokeNextActionFilterAsync>g__Awaited|10_0(ControllerActionInvoker invoker, Task lastTask, State next, Scope scope, Object state, Boolean isCompleted)
   at Microsoft.AspNetCore.Mvc.Infrastructure.ControllerActionInvoker.Rethrow(ActionExecutedContextSealed context)
   at Microsoft.AspNetCore.Mvc.Infrastructure.ControllerActionInvoker.Next(State& next, Scope& scope, Object& state, Boolean& isCompleted)
   at Microsoft.AspNetCore.Mvc.Infrastructure.ControllerActionInvoker.<InvokeInnerFilterAsync>g__Awaited|13_0(ControllerActionInvoker invoker, Task lastTask, State next, Scope scope, Object state, Boolean isCompleted)
   at Microsoft.AspNetCore.Mvc.Infrastructure.ResourceInvoker.<InvokeNextExceptionFilterAsync>g__Awaited|26_0(ResourceInvoker invoker, Task lastTask, State next, Scope scope, Object state, Boolean isCompleted)
2022-04-17 09:45:39.2534 dotnetconsulting.UserManagement.Logic.Logic DeactivateUser(U000264)
2022-04-17 09:45:39.2534 Microsoft.EntityFrameworkCore.Database.Command Executed DbCommand (1ms) [Parameters=[@__UNumber_0='?' (Size = 450)], CommandType='Text', CommandTimeout='30']
SELECT TOP(1) [u].[ObjectId], [u].[Email], [u].[FirstName], [u].[LastName], [u].[Name], [u].[ResourceId]
FROM [dbo].[Users] AS [u]
WHERE [u].[Name] = @__UNumber_0
2022-04-17 09:45:39.3709 Microsoft.EntityFrameworkCore.Database.Command Executed DbCommand (7ms) [Parameters=[@p0='?' (DbType = Int32)], CommandType='Text', CommandTimeout='30']
SET NOCOUNT ON;
DELETE FROM [dbo].[Users]
WHERE [ObjectId] = @p0;
SELECT @@ROWCOUNT;
2022-04-17 09:45:39.3890 dotnetconsulting.UserManagement.Logic.Logic User 'U000264' deactivated
2022-04-17 09:45:40.9271 dotnetconsulting.UserManagement.Logic.Logic DeactivateUser(U000264)
2022-04-17 09:45:40.9271 Microsoft.EntityFrameworkCore.Database.Command Executed DbCommand (1ms) [Parameters=[@__UNumber_0='?' (Size = 450)], CommandType='Text', CommandTimeout='30']
SELECT TOP(1) [u].[ObjectId], [u].[Email], [u].[FirstName], [u].[LastName], [u].[Name], [u].[ResourceId]
FROM [dbo].[Users] AS [u]
WHERE [u].[Name] = @__UNumber_0
2022-04-17 09:45:40.9837 dotnetconsulting.UserMangement.WebApi.Code.ArgumentOutOfRangeExceptionHandler ArgumentOutOfRangeExceptionSystem.ArgumentOutOfRangeException: Specified argument was out of the range of valid values. (Parameter 'UNumber')
   at dotnetconsulting.UserManagement.Logic.Logic.DeactivateUserAsync(String UNumber, CancellationToken cancellationToken) in C:\Workshops\asp.net-core\6.0\dotnetconsulting.UserManagement\dotnetconsulting.UserManagement.Logic\Logic.cs:line 257
   at dotnetconsulting.UserMangement.WebApi.Controllers.UserManagementController.DeactivateUser(String UNumber, CancellationToken cancellationToken) in C:\Workshops\asp.net-core\6.0\dotnetconsulting.UserManagement\dotnetconsulting.UserManagement.WebApi\Controllers\UserManagementController.cs:line 125
   at lambda_method113(Closure , Object )
   at Microsoft.AspNetCore.Mvc.Infrastructure.ActionMethodExecutor.TaskOfActionResultExecutor.Execute(IActionResultTypeMapper mapper, ObjectMethodExecutor executor, Object controller, Object[] arguments)
   at Microsoft.AspNetCore.Mvc.Infrastructure.ControllerActionInvoker.<InvokeActionMethodAsync>g__Awaited|12_0(ControllerActionInvoker invoker, ValueTask`1 actionResultValueTask)
   at Microsoft.AspNetCore.Mvc.Infrastructure.ControllerActionInvoker.<InvokeNextActionFilterAsync>g__Awaited|10_0(ControllerActionInvoker invoker, Task lastTask, State next, Scope scope, Object state, Boolean isCompleted)
   at Microsoft.AspNetCore.Mvc.Infrastructure.ControllerActionInvoker.Rethrow(ActionExecutedContextSealed context)
   at Microsoft.AspNetCore.Mvc.Infrastructure.ControllerActionInvoker.Next(State& next, Scope& scope, Object& state, Boolean& isCompleted)
   at Microsoft.AspNetCore.Mvc.Infrastructure.ControllerActionInvoker.<InvokeInnerFilterAsync>g__Awaited|13_0(ControllerActionInvoker invoker, Task lastTask, State next, Scope scope, Object state, Boolean isCompleted)
   at Microsoft.AspNetCore.Mvc.Infrastructure.ResourceInvoker.<InvokeNextExceptionFilterAsync>g__Awaited|26_0(ResourceInvoker invoker, Task lastTask, State next, Scope scope, Object state, Boolean isCompleted)
2022-04-17 10:09:09.1222 dotnetconsulting.UserManagement.Logic.Logic FetchAvailableSystemPermissionsAsync()
2022-04-17 10:09:09.1357 Microsoft.EntityFrameworkCore.Database.Command Executed DbCommand (1ms) [Parameters=[], CommandType='Text', CommandTimeout='30']
SELECT [r].[ObjectId], [r].[Rolename]
FROM [dbo].[Roles] AS [r]
ORDER BY [r].[Rolename]
2022-04-17 10:09:51.7627 dotnetconsulting.UserManagement.Logic.Logic CreateOrUpdateUserAsync(FullUserDto { UserAccount = UserDto { UNumber = u999999, Username = , Firstname = Thorsten, Lastname = Kansy, Email = Thorsten.Kansy@dotnetconsulting.eu, Culture = de-DE, Status = , Plants = , Permissions =  }, RequestedPlants = System.Collections.Generic.List`1[dotnetconsulting.UserManagement.Infrastructure.DTOs.PlantDto], RequestedPermissions = System.Collections.Generic.List`1[dotnetconsulting.UserManagement.Infrastructure.DTOs.PermissionDto] })
2022-04-17 10:09:51.7883 Microsoft.EntityFrameworkCore.Database.Command Executed DbCommand (5ms) [Parameters=[@__uNumer_0='?' (Size = 450)], CommandType='Text', CommandTimeout='30']
SELECT [t].[ObjectId], [t].[Email], [t].[FirstName], [t].[LastName], [t].[Name], [t].[ResourceId], [t0].[ObjectId], [t0].[RoleObjectId], [t0].[UserObjectId], [t0].[ObjectId0], [t0].[Rolename]
FROM (
    SELECT TOP(1) [u].[ObjectId], [u].[Email], [u].[FirstName], [u].[LastName], [u].[Name], [u].[ResourceId]
    FROM [dbo].[Users] AS [u]
    WHERE [u].[Name] = @__uNumer_0
) AS [t]
LEFT JOIN (
    SELECT [u0].[ObjectId], [u0].[RoleObjectId], [u0].[UserObjectId], [r].[ObjectId] AS [ObjectId0], [r].[Rolename]
    FROM [dbo].[UserRoles] AS [u0]
    INNER JOIN [dbo].[Roles] AS [r] ON [u0].[RoleObjectId] = [r].[ObjectId]
) AS [t0] ON [t].[ObjectId] = [t0].[UserObjectId]
ORDER BY [t].[ObjectId], [t0].[ObjectId]
2022-04-17 10:09:51.8332 Microsoft.EntityFrameworkCore.Database.Command Executed DbCommand (2ms) [Parameters=[], CommandType='Text', CommandTimeout='30']
SELECT [r].[Rolename]
FROM [dbo].[Roles] AS [r]
2022-04-17 10:09:51.8468 Microsoft.EntityFrameworkCore.Database.Command Executed DbCommand (2ms) [Parameters=[@__requestedPermission_Permission_0='?' (Size = 4000)], CommandType='Text', CommandTimeout='30']
SELECT TOP(2) [r].[ObjectId], [r].[Rolename]
FROM [dbo].[Roles] AS [r]
WHERE [r].[Rolename] = @__requestedPermission_Permission_0
2022-04-17 10:09:51.8468 Microsoft.EntityFrameworkCore.Database.Command Executed DbCommand (1ms) [Parameters=[@__requestedPermission_Permission_0='?' (Size = 4000)], CommandType='Text', CommandTimeout='30']
SELECT TOP(2) [r].[ObjectId], [r].[Rolename]
FROM [dbo].[Roles] AS [r]
WHERE [r].[Rolename] = @__requestedPermission_Permission_0
2022-04-17 10:09:51.8468 Microsoft.EntityFrameworkCore.Database.Command Executed DbCommand (0ms) [Parameters=[@__requestedPermission_Permission_0='?' (Size = 4000)], CommandType='Text', CommandTimeout='30']
SELECT TOP(2) [r].[ObjectId], [r].[Rolename]
FROM [dbo].[Roles] AS [r]
WHERE [r].[Rolename] = @__requestedPermission_Permission_0
2022-04-17 10:09:51.8468 Microsoft.EntityFrameworkCore.Database.Command Executed DbCommand (0ms) [Parameters=[@__requestedPermission_Permission_0='?' (Size = 4000)], CommandType='Text', CommandTimeout='30']
SELECT TOP(2) [r].[ObjectId], [r].[Rolename]
FROM [dbo].[Roles] AS [r]
WHERE [r].[Rolename] = @__requestedPermission_Permission_0
2022-04-17 10:09:51.8817 Microsoft.EntityFrameworkCore.Database.Command Executed DbCommand (2ms) [Parameters=[@p0='?' (Size = 4000), @p1='?' (Size = 4000), @p2='?' (Size = 4000), @p3='?' (Size = 450), @p4='?' (Size = 4000)], CommandType='Text', CommandTimeout='30']
SET NOCOUNT ON;
INSERT INTO [dbo].[Users] ([Email], [FirstName], [LastName], [Name], [ResourceId])
VALUES (@p0, @p1, @p2, @p3, @p4);
SELECT [ObjectId]
FROM [dbo].[Users]
WHERE @@ROWCOUNT = 1 AND [ObjectId] = scope_identity();
2022-04-17 10:09:51.9116 Microsoft.EntityFrameworkCore.Database.Command Executed DbCommand (6ms) [Parameters=[@p5='?' (Size = 4000), @p6='?' (DbType = Int32), @p7='?' (DbType = Int32), @p8='?' (DbType = Int32), @p9='?' (DbType = Int32), @p10='?' (DbType = Int32), @p11='?' (DbType = Int32), @p12='?' (DbType = Int32), @p13='?' (DbType = Int32), @p14='?' (DbType = Int32)], CommandType='Text', CommandTimeout='30']
SET NOCOUNT ON;
INSERT INTO [dbo].[UserPlantCodes] ([PlantCode], [UserObjectId])
VALUES (@p5, @p6);
SELECT [ObjectId]
FROM [dbo].[UserPlantCodes]
WHERE @@ROWCOUNT = 1 AND [ObjectId] = scope_identity();

DECLARE @inserted1 TABLE ([ObjectId] int, [_Position] [int]);
MERGE [dbo].[UserRoles] USING (
VALUES (@p7, @p8, 0),
(@p9, @p10, 1),
(@p11, @p12, 2),
(@p13, @p14, 3)) AS i ([RoleObjectId], [UserObjectId], _Position) ON 1=0
WHEN NOT MATCHED THEN
INSERT ([RoleObjectId], [UserObjectId])
VALUES (i.[RoleObjectId], i.[UserObjectId])
OUTPUT INSERTED.[ObjectId], i._Position
INTO @inserted1;

SELECT [i].[ObjectId] FROM @inserted1 i
ORDER BY [i].[_Position];
2022-04-17 10:10:00.4756 dotnetconsulting.UserManagement.Logic.Logic CreateOrUpdateUserAsync(FullUserDto { UserAccount = UserDto { UNumber = u999999, Username = , Firstname = Thorsten, Lastname = Kansy, Email = Thorsten.Kansy@dotnetconsulting.eu, Culture = de-DE, Status = , Plants = , Permissions =  }, RequestedPlants = System.Collections.Generic.List`1[dotnetconsulting.UserManagement.Infrastructure.DTOs.PlantDto], RequestedPermissions = System.Collections.Generic.List`1[dotnetconsulting.UserManagement.Infrastructure.DTOs.PermissionDto] })
2022-04-17 10:10:00.4756 Microsoft.EntityFrameworkCore.Database.Command Executed DbCommand (1ms) [Parameters=[@__uNumer_0='?' (Size = 450)], CommandType='Text', CommandTimeout='30']
SELECT [t].[ObjectId], [t].[Email], [t].[FirstName], [t].[LastName], [t].[Name], [t].[ResourceId], [t0].[ObjectId], [t0].[RoleObjectId], [t0].[UserObjectId], [t0].[ObjectId0], [t0].[Rolename]
FROM (
    SELECT TOP(1) [u].[ObjectId], [u].[Email], [u].[FirstName], [u].[LastName], [u].[Name], [u].[ResourceId]
    FROM [dbo].[Users] AS [u]
    WHERE [u].[Name] = @__uNumer_0
) AS [t]
LEFT JOIN (
    SELECT [u0].[ObjectId], [u0].[RoleObjectId], [u0].[UserObjectId], [r].[ObjectId] AS [ObjectId0], [r].[Rolename]
    FROM [dbo].[UserRoles] AS [u0]
    INNER JOIN [dbo].[Roles] AS [r] ON [u0].[RoleObjectId] = [r].[ObjectId]
) AS [t0] ON [t].[ObjectId] = [t0].[UserObjectId]
ORDER BY [t].[ObjectId], [t0].[ObjectId]
2022-04-17 10:10:00.4756 Microsoft.EntityFrameworkCore.Database.Command Executed DbCommand (0ms) [Parameters=[], CommandType='Text', CommandTimeout='30']
SELECT [r].[Rolename]
FROM [dbo].[Roles] AS [r]
2022-04-17 10:23:07.7615 dotnetconsulting.UserManagement.Logic.Logic CreateOrUpdateUserAsync(FullUserDto { UserAccount = UserDto { UNumber = tka992747, Username = , Firstname = , Lastname = , Email = , Culture = , Status = , Plants = , Permissions =  }, RequestedPlants = , RequestedPermissions = System.Collections.Generic.List`1[dotnetconsulting.UserManagement.Infrastructure.DTOs.PermissionDto] })
2022-04-17 10:23:07.7753 Microsoft.EntityFrameworkCore.Database.Command Executed DbCommand (1ms) [Parameters=[@__uNumer_0='?' (Size = 450)], CommandType='Text', CommandTimeout='30']
SELECT [t].[ObjectId], [t].[Email], [t].[FirstName], [t].[LastName], [t].[Name], [t].[ResourceId], [t0].[ObjectId], [t0].[RoleObjectId], [t0].[UserObjectId], [t0].[ObjectId0], [t0].[Rolename]
FROM (
    SELECT TOP(1) [u].[ObjectId], [u].[Email], [u].[FirstName], [u].[LastName], [u].[Name], [u].[ResourceId]
    FROM [dbo].[Users] AS [u]
    WHERE [u].[Name] = @__uNumer_0
) AS [t]
LEFT JOIN (
    SELECT [u0].[ObjectId], [u0].[RoleObjectId], [u0].[UserObjectId], [r].[ObjectId] AS [ObjectId0], [r].[Rolename]
    FROM [dbo].[UserRoles] AS [u0]
    INNER JOIN [dbo].[Roles] AS [r] ON [u0].[RoleObjectId] = [r].[ObjectId]
) AS [t0] ON [t].[ObjectId] = [t0].[UserObjectId]
ORDER BY [t].[ObjectId], [t0].[ObjectId]
2022-04-17 10:23:07.8263 dotnetconsulting.UserMangement.WebApi.Code.UserExceptionHandler UserException: { Firstname =  }
2022-04-17 10:23:29.5575 dotnetconsulting.UserManagement.Logic.Logic CreateOrUpdateUserAsync(FullUserDto { UserAccount = UserDto { UNumber = u999999, Username = , Firstname = , Lastname = , Email = , Culture = , Status = , Plants = , Permissions =  }, RequestedPlants = , RequestedPermissions = System.Collections.Generic.List`1[dotnetconsulting.UserManagement.Infrastructure.DTOs.PermissionDto] })
2022-04-17 10:23:29.5653 Microsoft.EntityFrameworkCore.Database.Command Executed DbCommand (1ms) [Parameters=[@__uNumer_0='?' (Size = 450)], CommandType='Text', CommandTimeout='30']
SELECT [t].[ObjectId], [t].[Email], [t].[FirstName], [t].[LastName], [t].[Name], [t].[ResourceId], [t0].[ObjectId], [t0].[RoleObjectId], [t0].[UserObjectId], [t0].[ObjectId0], [t0].[Rolename]
FROM (
    SELECT TOP(1) [u].[ObjectId], [u].[Email], [u].[FirstName], [u].[LastName], [u].[Name], [u].[ResourceId]
    FROM [dbo].[Users] AS [u]
    WHERE [u].[Name] = @__uNumer_0
) AS [t]
LEFT JOIN (
    SELECT [u0].[ObjectId], [u0].[RoleObjectId], [u0].[UserObjectId], [r].[ObjectId] AS [ObjectId0], [r].[Rolename]
    FROM [dbo].[UserRoles] AS [u0]
    INNER JOIN [dbo].[Roles] AS [r] ON [u0].[RoleObjectId] = [r].[ObjectId]
) AS [t0] ON [t].[ObjectId] = [t0].[UserObjectId]
ORDER BY [t].[ObjectId], [t0].[ObjectId]
2022-04-17 10:23:29.5653 Microsoft.EntityFrameworkCore.Database.Command Executed DbCommand (1ms) [Parameters=[], CommandType='Text', CommandTimeout='30']
SELECT [r].[Rolename]
FROM [dbo].[Roles] AS [r]
2022-04-17 10:23:29.6339 dotnetconsulting.UserMangement.WebApi.Code.UserExceptionHandler UserException: { Invalid = System.Linq.Enumerable+SelectEnumerableIterator`2[dotnetconsulting.UserManagement.Infrastructure.DTOs.PermissionDto,<>f__AnonymousType6`1[System.String]] }
2022-04-17 10:23:41.5198 dotnetconsulting.UserManagement.Logic.Logic CreateOrUpdateUserAsync(FullUserDto { UserAccount = UserDto { UNumber = 334, Username = , Firstname = , Lastname = , Email = , Culture = , Status = , Plants = , Permissions =  }, RequestedPlants = , RequestedPermissions = System.Collections.Generic.List`1[dotnetconsulting.UserManagement.Infrastructure.DTOs.PermissionDto] })
2022-04-17 10:23:41.5198 Microsoft.EntityFrameworkCore.Database.Command Executed DbCommand (2ms) [Parameters=[@__uNumer_0='?' (Size = 450)], CommandType='Text', CommandTimeout='30']
SELECT [t].[ObjectId], [t].[Email], [t].[FirstName], [t].[LastName], [t].[Name], [t].[ResourceId], [t0].[ObjectId], [t0].[RoleObjectId], [t0].[UserObjectId], [t0].[ObjectId0], [t0].[Rolename]
FROM (
    SELECT TOP(1) [u].[ObjectId], [u].[Email], [u].[FirstName], [u].[LastName], [u].[Name], [u].[ResourceId]
    FROM [dbo].[Users] AS [u]
    WHERE [u].[Name] = @__uNumer_0
) AS [t]
LEFT JOIN (
    SELECT [u0].[ObjectId], [u0].[RoleObjectId], [u0].[UserObjectId], [r].[ObjectId] AS [ObjectId0], [r].[Rolename]
    FROM [dbo].[UserRoles] AS [u0]
    INNER JOIN [dbo].[Roles] AS [r] ON [u0].[RoleObjectId] = [r].[ObjectId]
) AS [t0] ON [t].[ObjectId] = [t0].[UserObjectId]
ORDER BY [t].[ObjectId], [t0].[ObjectId]
2022-04-17 10:23:41.5684 dotnetconsulting.UserMangement.WebApi.Code.UserExceptionHandler UserException: { Firstname =  }
2022-04-17 10:24:22.6293 dotnetconsulting.UserManagement.Logic.Logic CreateOrUpdateUserAsync(FullUserDto { UserAccount = UserDto { UNumber = xxxx, Username = , Firstname = , Lastname = , Email = , Culture = , Status = , Plants = , Permissions =  }, RequestedPlants = , RequestedPermissions = System.Collections.Generic.List`1[dotnetconsulting.UserManagement.Infrastructure.DTOs.PermissionDto] })
2022-04-17 10:25:27.2263 Microsoft.AspNetCore.Server.Kestrel Overriding address(es) 'http://localhost:5165'. Binding to endpoints defined via IConfiguration and/or UseKestrel() instead.
2022-04-17 10:25:27.2679 Microsoft.Hosting.Lifetime Now listening on: http://[::]:50008
2022-04-17 10:25:27.2679 Microsoft.Hosting.Lifetime Application started. Press Ctrl+C to shut down.
2022-04-17 10:25:27.2679 Microsoft.Hosting.Lifetime Hosting environment: Development
2022-04-17 10:25:27.2679 Microsoft.Hosting.Lifetime Content root path: C:\Workshops\asp.net-core\6.0\dotnetconsulting.UserManagement\dotnetconsulting.UserManagement.WebApi\
2022-04-17 10:25:42.5268 Microsoft.EntityFrameworkCore.Infrastructure Entity Framework Core 6.0.3 initialized 'UserManagementContext' using provider 'Microsoft.EntityFrameworkCore.SqlServer:6.0.3' with options: MaxPoolSize=1024 
2022-04-17 10:25:42.6575 dotnetconsulting.UserManagement.Logic.Logic CreateOrUpdateUserAsync(FullUserDto { UserAccount = UserDto { UNumber = u999999, Username = , Firstname = , Lastname = , Email = , Culture = , Status = , Plants = , Permissions =  }, RequestedPlants = , RequestedPermissions = System.Collections.Generic.List`1[dotnetconsulting.UserManagement.Infrastructure.DTOs.PermissionDto] })
2022-04-17 10:25:43.1960 Microsoft.EntityFrameworkCore.Database.Command Executed DbCommand (36ms) [Parameters=[@__uNumer_0='?' (Size = 450)], CommandType='Text', CommandTimeout='30']
SELECT [t].[ObjectId], [t].[Email], [t].[FirstName], [t].[LastName], [t].[Name], [t].[ResourceId], [t0].[ObjectId], [t0].[RoleObjectId], [t0].[UserObjectId], [t0].[ObjectId0], [t0].[Rolename]
FROM (
    SELECT TOP(1) [u].[ObjectId], [u].[Email], [u].[FirstName], [u].[LastName], [u].[Name], [u].[ResourceId]
    FROM [dbo].[Users] AS [u]
    WHERE [u].[Name] = @__uNumer_0
) AS [t]
LEFT JOIN (
    SELECT [u0].[ObjectId], [u0].[RoleObjectId], [u0].[UserObjectId], [r].[ObjectId] AS [ObjectId0], [r].[Rolename]
    FROM [dbo].[UserRoles] AS [u0]
    INNER JOIN [dbo].[Roles] AS [r] ON [u0].[RoleObjectId] = [r].[ObjectId]
) AS [t0] ON [t].[ObjectId] = [t0].[UserObjectId]
ORDER BY [t].[ObjectId], [t0].[ObjectId]
2022-04-17 10:25:43.2983 Microsoft.EntityFrameworkCore.Database.Command Executed DbCommand (3ms) [Parameters=[], CommandType='Text', CommandTimeout='30']
SELECT [r].[Rolename]
FROM [dbo].[Roles] AS [r]
2022-04-17 10:25:43.4041 dotnetconsulting.UserMangement.WebApi.Code.UserExceptionHandler UserException: { Invalid = System.Linq.Enumerable+SelectEnumerableIterator`2[dotnetconsulting.UserManagement.Infrastructure.DTOs.PermissionDto,<>f__AnonymousType6`1[System.String]] }
2022-04-17 10:26:36.1795 dotnetconsulting.UserManagement.Logic.Logic SyncUserPermissionsAsync(SyncPermissionsDto { UNumber = u999999, PermissionsToAdd = System.Collections.Generic.List`1[dotnetconsulting.UserManagement.Infrastructure.DTOs.PermissionDto], PermissionsToDrop = System.Collections.Generic.List`1[dotnetconsulting.UserManagement.Infrastructure.DTOs.PermissionDto] })
2022-04-17 10:26:36.1961 Microsoft.EntityFrameworkCore.Database.Command Executed DbCommand (4ms) [Parameters=[@__SyncPermissions_UNumber_0='?' (Size = 450)], CommandType='Text', CommandTimeout='30']
SELECT [t].[ObjectId], [t].[Email], [t].[FirstName], [t].[LastName], [t].[Name], [t].[ResourceId], [t0].[ObjectId], [t0].[RoleObjectId], [t0].[UserObjectId], [t0].[ObjectId0], [t0].[Rolename]
FROM (
    SELECT TOP(1) [u].[ObjectId], [u].[Email], [u].[FirstName], [u].[LastName], [u].[Name], [u].[ResourceId]
    FROM [dbo].[Users] AS [u]
    WHERE [u].[Name] = @__SyncPermissions_UNumber_0
) AS [t]
LEFT JOIN (
    SELECT [u0].[ObjectId], [u0].[RoleObjectId], [u0].[UserObjectId], [r].[ObjectId] AS [ObjectId0], [r].[Rolename]
    FROM [dbo].[UserRoles] AS [u0]
    INNER JOIN [dbo].[Roles] AS [r] ON [u0].[RoleObjectId] = [r].[ObjectId]
) AS [t0] ON [t].[ObjectId] = [t0].[UserObjectId]
ORDER BY [t].[ObjectId], [t0].[ObjectId]
2022-04-17 10:26:36.2100 Microsoft.EntityFrameworkCore.Database.Command Executed DbCommand (1ms) [Parameters=[], CommandType='Text', CommandTimeout='30']
SELECT [r].[Rolename]
FROM [dbo].[Roles] AS [r]
2022-04-17 10:26:36.2873 dotnetconsulting.UserMangement.WebApi.Code.UserExceptionHandler UserException: { Invalid = System.Linq.Enumerable+SelectEnumerableIterator`2[dotnetconsulting.UserManagement.Infrastructure.DTOs.PermissionDto,<>f__AnonymousType6`1[System.String]] }
2022-04-17 10:26:52.5209 dotnetconsulting.UserManagement.Logic.Logic FetchAvailableSystemPermissionsAsync()
2022-04-17 10:26:52.5209 Microsoft.EntityFrameworkCore.Database.Command Executed DbCommand (1ms) [Parameters=[], CommandType='Text', CommandTimeout='30']
SELECT [r].[ObjectId], [r].[Rolename]
FROM [dbo].[Roles] AS [r]
ORDER BY [r].[Rolename]
2022-04-17 10:27:36.9264 dotnetconsulting.UserManagement.Logic.Logic SyncUserPermissionsAsync(SyncPermissionsDto { UNumber = u999999, PermissionsToAdd = System.Collections.Generic.List`1[dotnetconsulting.UserManagement.Infrastructure.DTOs.PermissionDto], PermissionsToDrop = System.Collections.Generic.List`1[dotnetconsulting.UserManagement.Infrastructure.DTOs.PermissionDto] })
2022-04-17 10:27:36.9264 Microsoft.EntityFrameworkCore.Database.Command Executed DbCommand (1ms) [Parameters=[@__SyncPermissions_UNumber_0='?' (Size = 450)], CommandType='Text', CommandTimeout='30']
SELECT [t].[ObjectId], [t].[Email], [t].[FirstName], [t].[LastName], [t].[Name], [t].[ResourceId], [t0].[ObjectId], [t0].[RoleObjectId], [t0].[UserObjectId], [t0].[ObjectId0], [t0].[Rolename]
FROM (
    SELECT TOP(1) [u].[ObjectId], [u].[Email], [u].[FirstName], [u].[LastName], [u].[Name], [u].[ResourceId]
    FROM [dbo].[Users] AS [u]
    WHERE [u].[Name] = @__SyncPermissions_UNumber_0
) AS [t]
LEFT JOIN (
    SELECT [u0].[ObjectId], [u0].[RoleObjectId], [u0].[UserObjectId], [r].[ObjectId] AS [ObjectId0], [r].[Rolename]
    FROM [dbo].[UserRoles] AS [u0]
    INNER JOIN [dbo].[Roles] AS [r] ON [u0].[RoleObjectId] = [r].[ObjectId]
) AS [t0] ON [t].[ObjectId] = [t0].[UserObjectId]
ORDER BY [t].[ObjectId], [t0].[ObjectId]
2022-04-17 10:27:36.9473 Microsoft.EntityFrameworkCore.Database.Command Executed DbCommand (1ms) [Parameters=[], CommandType='Text', CommandTimeout='30']
SELECT [r].[Rolename]
FROM [dbo].[Roles] AS [r]
2022-04-17 10:27:36.9606 Microsoft.EntityFrameworkCore.Database.Command Executed DbCommand (1ms) [Parameters=[@__permissionToAdd_Permission_0='?' (Size = 4000)], CommandType='Text', CommandTimeout='30']
SELECT TOP(1) [r].[ObjectId], [r].[Rolename]
FROM [dbo].[Roles] AS [r]
WHERE [r].[Rolename] = @__permissionToAdd_Permission_0
2022-04-17 10:27:36.9606 Microsoft.EntityFrameworkCore.Database.Command Executed DbCommand (1ms) [Parameters=[@__permissionToAdd_Permission_0='?' (Size = 4000)], CommandType='Text', CommandTimeout='30']
SELECT TOP(1) [r].[ObjectId], [r].[Rolename]
FROM [dbo].[Roles] AS [r]
WHERE [r].[Rolename] = @__permissionToAdd_Permission_0
2022-04-17 10:27:36.9606 Microsoft.EntityFrameworkCore.Database.Command Executed DbCommand (1ms) [Parameters=[], CommandType='Text', CommandTimeout='30']
SELECT [r].[Rolename]
FROM [dbo].[Roles] AS [r]
2022-04-17 10:27:37.0383 dotnetconsulting.UserMangement.WebApi.Code.UserExceptionHandler UserException: { Invalid = System.Linq.Enumerable+SelectEnumerableIterator`2[dotnetconsulting.UserManagement.Infrastructure.DTOs.PermissionDto,<>f__AnonymousType6`1[System.String]] }
2022-04-17 10:27:54.4474 dotnetconsulting.UserManagement.Logic.Logic SyncUserPermissionsAsync(SyncPermissionsDto { UNumber = u999999, PermissionsToAdd = System.Collections.Generic.List`1[dotnetconsulting.UserManagement.Infrastructure.DTOs.PermissionDto], PermissionsToDrop = System.Collections.Generic.List`1[dotnetconsulting.UserManagement.Infrastructure.DTOs.PermissionDto] })
2022-04-17 10:27:54.4474 Microsoft.EntityFrameworkCore.Database.Command Executed DbCommand (1ms) [Parameters=[@__SyncPermissions_UNumber_0='?' (Size = 450)], CommandType='Text', CommandTimeout='30']
SELECT [t].[ObjectId], [t].[Email], [t].[FirstName], [t].[LastName], [t].[Name], [t].[ResourceId], [t0].[ObjectId], [t0].[RoleObjectId], [t0].[UserObjectId], [t0].[ObjectId0], [t0].[Rolename]
FROM (
    SELECT TOP(1) [u].[ObjectId], [u].[Email], [u].[FirstName], [u].[LastName], [u].[Name], [u].[ResourceId]
    FROM [dbo].[Users] AS [u]
    WHERE [u].[Name] = @__SyncPermissions_UNumber_0
) AS [t]
LEFT JOIN (
    SELECT [u0].[ObjectId], [u0].[RoleObjectId], [u0].[UserObjectId], [r].[ObjectId] AS [ObjectId0], [r].[Rolename]
    FROM [dbo].[UserRoles] AS [u0]
    INNER JOIN [dbo].[Roles] AS [r] ON [u0].[RoleObjectId] = [r].[ObjectId]
) AS [t0] ON [t].[ObjectId] = [t0].[UserObjectId]
ORDER BY [t].[ObjectId], [t0].[ObjectId]
2022-04-17 10:27:54.4585 Microsoft.EntityFrameworkCore.Database.Command Executed DbCommand (1ms) [Parameters=[], CommandType='Text', CommandTimeout='30']
SELECT [r].[Rolename]
FROM [dbo].[Roles] AS [r]
2022-04-17 10:27:54.4585 Microsoft.EntityFrameworkCore.Database.Command Executed DbCommand (1ms) [Parameters=[@__permissionToAdd_Permission_0='?' (Size = 4000)], CommandType='Text', CommandTimeout='30']
SELECT TOP(1) [r].[ObjectId], [r].[Rolename]
FROM [dbo].[Roles] AS [r]
WHERE [r].[Rolename] = @__permissionToAdd_Permission_0
2022-04-17 10:27:54.4712 Microsoft.EntityFrameworkCore.Database.Command Executed DbCommand (1ms) [Parameters=[@__permissionToAdd_Permission_0='?' (Size = 4000)], CommandType='Text', CommandTimeout='30']
SELECT TOP(1) [r].[ObjectId], [r].[Rolename]
FROM [dbo].[Roles] AS [r]
WHERE [r].[Rolename] = @__permissionToAdd_Permission_0
2022-04-17 10:27:54.4712 Microsoft.EntityFrameworkCore.Database.Command Executed DbCommand (1ms) [Parameters=[], CommandType='Text', CommandTimeout='30']
SELECT [r].[Rolename]
FROM [dbo].[Roles] AS [r]
2022-04-17 10:27:54.4712 Microsoft.EntityFrameworkCore.Database.Command Executed DbCommand (1ms) [Parameters=[@__permissionsToDrop_Permission_0='?' (Size = 4000)], CommandType='Text', CommandTimeout='30']
SELECT TOP(1) [r].[ObjectId], [r].[Rolename]
FROM [dbo].[Roles] AS [r]
WHERE [r].[Rolename] = @__permissionsToDrop_Permission_0
2022-04-17 10:27:54.5599 Microsoft.EntityFrameworkCore.Database.Command Executed DbCommand (2ms) [Parameters=[@p0='?' (DbType = Int32), @p1='?' (DbType = Int32)], CommandType='Text', CommandTimeout='30']
SET NOCOUNT ON;
INSERT INTO [dbo].[UserRoles] ([RoleObjectId], [UserObjectId])
VALUES (@p0, @p1);
SELECT [ObjectId]
FROM [dbo].[UserRoles]
WHERE @@ROWCOUNT = 1 AND [ObjectId] = scope_identity();
2022-04-17 10:27:54.5787 Microsoft.EntityFrameworkCore.Database.Command Executed DbCommand (1ms) [Parameters=[@p0='?' (DbType = Int32), @p1='?' (DbType = Int32)], CommandType='Text', CommandTimeout='30']
SET NOCOUNT ON;
INSERT INTO [dbo].[UserRoles] ([RoleObjectId], [UserObjectId])
VALUES (@p0, @p1);
SELECT [ObjectId]
FROM [dbo].[UserRoles]
WHERE @@ROWCOUNT = 1 AND [ObjectId] = scope_identity();
2022-04-17 10:27:56.0711 dotnetconsulting.UserManagement.Logic.Logic SyncUserPermissionsAsync(SyncPermissionsDto { UNumber = u999999, PermissionsToAdd = System.Collections.Generic.List`1[dotnetconsulting.UserManagement.Infrastructure.DTOs.PermissionDto], PermissionsToDrop = System.Collections.Generic.List`1[dotnetconsulting.UserManagement.Infrastructure.DTOs.PermissionDto] })
2022-04-17 10:27:56.0711 Microsoft.EntityFrameworkCore.Database.Command Executed DbCommand (2ms) [Parameters=[@__SyncPermissions_UNumber_0='?' (Size = 450)], CommandType='Text', CommandTimeout='30']
SELECT [t].[ObjectId], [t].[Email], [t].[FirstName], [t].[LastName], [t].[Name], [t].[ResourceId], [t0].[ObjectId], [t0].[RoleObjectId], [t0].[UserObjectId], [t0].[ObjectId0], [t0].[Rolename]
FROM (
    SELECT TOP(1) [u].[ObjectId], [u].[Email], [u].[FirstName], [u].[LastName], [u].[Name], [u].[ResourceId]
    FROM [dbo].[Users] AS [u]
    WHERE [u].[Name] = @__SyncPermissions_UNumber_0
) AS [t]
LEFT JOIN (
    SELECT [u0].[ObjectId], [u0].[RoleObjectId], [u0].[UserObjectId], [r].[ObjectId] AS [ObjectId0], [r].[Rolename]
    FROM [dbo].[UserRoles] AS [u0]
    INNER JOIN [dbo].[Roles] AS [r] ON [u0].[RoleObjectId] = [r].[ObjectId]
) AS [t0] ON [t].[ObjectId] = [t0].[UserObjectId]
ORDER BY [t].[ObjectId], [t0].[ObjectId]
2022-04-17 10:27:56.0711 Microsoft.EntityFrameworkCore.Database.Command Executed DbCommand (1ms) [Parameters=[], CommandType='Text', CommandTimeout='30']
SELECT [r].[Rolename]
FROM [dbo].[Roles] AS [r]
2022-04-17 10:27:56.0816 Microsoft.EntityFrameworkCore.Database.Command Executed DbCommand (1ms) [Parameters=[], CommandType='Text', CommandTimeout='30']
SELECT [r].[Rolename]
FROM [dbo].[Roles] AS [r]
2022-04-17 10:27:56.0816 Microsoft.EntityFrameworkCore.Database.Command Executed DbCommand (1ms) [Parameters=[@__permissionsToDrop_Permission_0='?' (Size = 4000)], CommandType='Text', CommandTimeout='30']
SELECT TOP(1) [r].[ObjectId], [r].[Rolename]
FROM [dbo].[Roles] AS [r]
WHERE [r].[Rolename] = @__permissionsToDrop_Permission_0
2022-04-17 10:27:57.1127 dotnetconsulting.UserManagement.Logic.Logic SyncUserPermissionsAsync(SyncPermissionsDto { UNumber = u999999, PermissionsToAdd = System.Collections.Generic.List`1[dotnetconsulting.UserManagement.Infrastructure.DTOs.PermissionDto], PermissionsToDrop = System.Collections.Generic.List`1[dotnetconsulting.UserManagement.Infrastructure.DTOs.PermissionDto] })
2022-04-17 10:27:57.1127 Microsoft.EntityFrameworkCore.Database.Command Executed DbCommand (1ms) [Parameters=[@__SyncPermissions_UNumber_0='?' (Size = 450)], CommandType='Text', CommandTimeout='30']
SELECT [t].[ObjectId], [t].[Email], [t].[FirstName], [t].[LastName], [t].[Name], [t].[ResourceId], [t0].[ObjectId], [t0].[RoleObjectId], [t0].[UserObjectId], [t0].[ObjectId0], [t0].[Rolename]
FROM (
    SELECT TOP(1) [u].[ObjectId], [u].[Email], [u].[FirstName], [u].[LastName], [u].[Name], [u].[ResourceId]
    FROM [dbo].[Users] AS [u]
    WHERE [u].[Name] = @__SyncPermissions_UNumber_0
) AS [t]
LEFT JOIN (
    SELECT [u0].[ObjectId], [u0].[RoleObjectId], [u0].[UserObjectId], [r].[ObjectId] AS [ObjectId0], [r].[Rolename]
    FROM [dbo].[UserRoles] AS [u0]
    INNER JOIN [dbo].[Roles] AS [r] ON [u0].[RoleObjectId] = [r].[ObjectId]
) AS [t0] ON [t].[ObjectId] = [t0].[UserObjectId]
ORDER BY [t].[ObjectId], [t0].[ObjectId]
2022-04-17 10:27:57.1127 Microsoft.EntityFrameworkCore.Database.Command Executed DbCommand (1ms) [Parameters=[], CommandType='Text', CommandTimeout='30']
SELECT [r].[Rolename]
FROM [dbo].[Roles] AS [r]
2022-04-17 10:27:57.1127 Microsoft.EntityFrameworkCore.Database.Command Executed DbCommand (0ms) [Parameters=[], CommandType='Text', CommandTimeout='30']
SELECT [r].[Rolename]
FROM [dbo].[Roles] AS [r]
2022-04-17 10:27:57.1127 Microsoft.EntityFrameworkCore.Database.Command Executed DbCommand (0ms) [Parameters=[@__permissionsToDrop_Permission_0='?' (Size = 4000)], CommandType='Text', CommandTimeout='30']
SELECT TOP(1) [r].[ObjectId], [r].[Rolename]
FROM [dbo].[Roles] AS [r]
WHERE [r].[Rolename] = @__permissionsToDrop_Permission_0
2022-04-17 10:30:55.2519 Microsoft.AspNetCore.Server.Kestrel Overriding address(es) 'http://localhost:5165'. Binding to endpoints defined via IConfiguration and/or UseKestrel() instead.
2022-04-17 10:30:55.2855 Microsoft.Hosting.Lifetime Now listening on: http://[::]:50008
2022-04-17 10:30:55.2855 Microsoft.Hosting.Lifetime Application started. Press Ctrl+C to shut down.
2022-04-17 10:30:55.2855 Microsoft.Hosting.Lifetime Hosting environment: Development
2022-04-17 10:30:55.2855 Microsoft.Hosting.Lifetime Content root path: C:\Workshops\asp.net-core\6.0\dotnetconsulting.UserManagement\dotnetconsulting.UserManagement.WebApi\
2022-04-17 13:50:43.9961 Microsoft.AspNetCore.Server.Kestrel Overriding address(es) 'http://localhost:5165'. Binding to endpoints defined via IConfiguration and/or UseKestrel() instead.
2022-04-17 13:50:44.0728 Microsoft.Hosting.Lifetime Now listening on: http://[::]:50008
2022-04-17 13:50:44.0813 Microsoft.Hosting.Lifetime Application started. Press Ctrl+C to shut down.
2022-04-17 13:50:44.0813 Microsoft.Hosting.Lifetime Hosting environment: Development
2022-04-17 13:50:44.0813 Microsoft.Hosting.Lifetime Content root path: C:\Workshops\asp.net-core\6.0\dotnetconsulting.UserManagement\dotnetconsulting.UserManagement.WebApi\
2022-04-17 13:51:44.3993 Microsoft.AspNetCore.Server.Kestrel Overriding address(es) 'http://localhost:5165'. Binding to endpoints defined via IConfiguration and/or UseKestrel() instead.
2022-04-17 13:51:44.4429 Microsoft.Hosting.Lifetime Now listening on: http://[::]:50008
2022-04-17 13:51:44.4634 Microsoft.Hosting.Lifetime Application started. Press Ctrl+C to shut down.
2022-04-17 13:51:44.4634 Microsoft.Hosting.Lifetime Hosting environment: Development
2022-04-17 13:51:44.4726 Microsoft.Hosting.Lifetime Content root path: C:\Workshops\asp.net-core\6.0\dotnetconsulting.UserManagement\dotnetconsulting.UserManagement.WebApi\
2022-04-17 13:53:56.4694 Microsoft.AspNetCore.Server.Kestrel Overriding address(es) 'http://localhost:5165'. Binding to endpoints defined via IConfiguration and/or UseKestrel() instead.
2022-04-17 13:53:56.5522 Microsoft.Hosting.Lifetime Now listening on: http://[::]:50008
2022-04-17 13:53:56.5522 Microsoft.Hosting.Lifetime Application started. Press Ctrl+C to shut down.
2022-04-17 13:53:56.5522 Microsoft.Hosting.Lifetime Hosting environment: Development
2022-04-17 13:53:56.5661 Microsoft.Hosting.Lifetime Content root path: C:\Workshops\asp.net-core\6.0\dotnetconsulting.UserManagement\dotnetconsulting.UserManagement.WebApi\
2022-04-17 13:54:30.3861 Microsoft.AspNetCore.Server.Kestrel Overriding address(es) 'http://localhost:5165'. Binding to endpoints defined via IConfiguration and/or UseKestrel() instead.
2022-04-17 13:54:30.4399 Microsoft.Hosting.Lifetime Now listening on: http://[::]:50008
2022-04-17 13:54:30.4490 Microsoft.Hosting.Lifetime Application started. Press Ctrl+C to shut down.
2022-04-17 13:54:30.4490 Microsoft.Hosting.Lifetime Hosting environment: Development
2022-04-17 13:54:30.4490 Microsoft.Hosting.Lifetime Content root path: C:\Workshops\asp.net-core\6.0\dotnetconsulting.UserManagement\dotnetconsulting.UserManagement.WebApi\
2022-04-17 13:57:02.5833 Microsoft.AspNetCore.Server.Kestrel Overriding address(es) 'http://localhost:5165'. Binding to endpoints defined via IConfiguration and/or UseKestrel() instead.
2022-04-17 13:57:02.6400 Microsoft.Hosting.Lifetime Now listening on: http://[::]:50008
2022-04-17 13:57:02.6476 Microsoft.Hosting.Lifetime Application started. Press Ctrl+C to shut down.
2022-04-17 13:57:02.6476 Microsoft.Hosting.Lifetime Hosting environment: Development
2022-04-17 13:57:02.6476 Microsoft.Hosting.Lifetime Content root path: C:\Workshops\asp.net-core\6.0\dotnetconsulting.UserManagement\dotnetconsulting.UserManagement.WebApi\
2022-04-17 14:02:44.7963 Microsoft.AspNetCore.Server.Kestrel Overriding address(es) 'http://localhost:5165'. Binding to endpoints defined via IConfiguration and/or UseKestrel() instead.
2022-04-17 14:02:44.8552 Microsoft.Hosting.Lifetime Now listening on: http://[::]:50008
2022-04-17 14:02:44.8649 Microsoft.Hosting.Lifetime Application started. Press Ctrl+C to shut down.
2022-04-17 14:02:44.8649 Microsoft.Hosting.Lifetime Hosting environment: Development
2022-04-17 14:02:44.8649 Microsoft.Hosting.Lifetime Content root path: C:\Workshops\asp.net-core\6.0\dotnetconsulting.UserManagement\dotnetconsulting.UserManagement.WebApi\
2022-04-17 14:06:16.9522 Microsoft.AspNetCore.Server.Kestrel Overriding address(es) 'http://localhost:5165'. Binding to endpoints defined via IConfiguration and/or UseKestrel() instead.
2022-04-17 14:06:17.0060 Microsoft.Hosting.Lifetime Now listening on: http://[::]:50008
2022-04-17 14:06:17.0060 Microsoft.Hosting.Lifetime Application started. Press Ctrl+C to shut down.
2022-04-17 14:06:17.0060 Microsoft.Hosting.Lifetime Hosting environment: Development
2022-04-17 14:06:17.0060 Microsoft.Hosting.Lifetime Content root path: C:\Workshops\asp.net-core\6.0\dotnetconsulting.UserManagement\dotnetconsulting.UserManagement.WebApi\
2022-04-17 14:06:22.3408 Microsoft.EntityFrameworkCore.Infrastructure Entity Framework Core 6.0.3 initialized 'UserManagementContext' using provider 'Microsoft.EntityFrameworkCore.SqlServer:6.0.3' with options: MaxPoolSize=1024 
2022-04-17 14:06:22.4023 dotnetconsulting.UserManagement.Logic.Logic FetchSingleUserAsync(U000004)
2022-04-17 14:06:22.7696 Microsoft.EntityFrameworkCore.Query Compiling a query which loads related collections for more than one collection navigation, either via 'Include' or through projection, but no 'QuerySplittingBehavior' has been configured. By default, Entity Framework will use 'QuerySplittingBehavior.SingleQuery', which can potentially result in slow query performance. See https://go.microsoft.com/fwlink/?linkid=2134277 for more information. To identify the query that's triggering this warning call 'ConfigureWarnings(w => w.Throw(RelationalEventId.MultipleCollectionIncludeWarning))'.
2022-04-17 14:06:23.8663 Microsoft.EntityFrameworkCore.Database.Command Executed DbCommand (132ms) [Parameters=[@__UNumber_0='?' (Size = 450)], CommandType='Text', CommandTimeout='30']
SELECT [t].[ObjectId], [t].[Email], [t].[FirstName], [t].[LastName], [t].[Name], [t].[ResourceId], [t0].[ObjectId], [t0].[Rolename], [t0].[ObjectId0], [u1].[ObjectId], [u1].[PlantCode], [u1].[UserObjectId]
FROM (
    SELECT TOP(1) [u].[ObjectId], [u].[Email], [u].[FirstName], [u].[LastName], [u].[Name], [u].[ResourceId]
    FROM [dbo].[Users] AS [u]
    WHERE [u].[Name] = @__UNumber_0
) AS [t]
LEFT JOIN (
    SELECT [r].[ObjectId], [r].[Rolename], [u0].[ObjectId] AS [ObjectId0], [u0].[UserObjectId]
    FROM [dbo].[UserRoles] AS [u0]
    INNER JOIN [dbo].[Roles] AS [r] ON [u0].[RoleObjectId] = [r].[ObjectId]
) AS [t0] ON [t].[ObjectId] = [t0].[UserObjectId]
LEFT JOIN [dbo].[UserPlantCodes] AS [u1] ON [t].[ObjectId] = [u1].[UserObjectId]
ORDER BY [t].[ObjectId], [t0].[ObjectId0], [t0].[ObjectId]
2022-04-17 14:11:48.0525 Microsoft.AspNetCore.Server.Kestrel Overriding address(es) 'http://localhost:5165'. Binding to endpoints defined via IConfiguration and/or UseKestrel() instead.
2022-04-17 14:11:48.1106 Microsoft.Hosting.Lifetime Now listening on: http://[::]:50008
2022-04-17 14:11:48.1199 Microsoft.Hosting.Lifetime Application started. Press Ctrl+C to shut down.
2022-04-17 14:11:48.1199 Microsoft.Hosting.Lifetime Hosting environment: Development
2022-04-17 14:11:48.1199 Microsoft.Hosting.Lifetime Content root path: C:\Workshops\asp.net-core\6.0\dotnetconsulting.UserManagement\dotnetconsulting.UserManagement.WebApi\
2022-04-17 14:12:02.2863 Microsoft.AspNetCore.Diagnostics.DeveloperExceptionPageMiddleware An unhandled exception has occurred while executing the request.Swashbuckle.AspNetCore.SwaggerGen.SwaggerGeneratorException: Ambiguous HTTP method for action - dotnetconsulting.UserMangement.WebApi.Controllers.UserManagementController.FetchSingleUser (dotnetconsulting.UserMangement.WebApi). Actions require an explicit HttpMethod binding for Swagger/OpenAPI 3.0
   at Swashbuckle.AspNetCore.SwaggerGen.SwaggerGenerator.GenerateOperations(IEnumerable`1 apiDescriptions, SchemaRepository schemaRepository)
   at Swashbuckle.AspNetCore.SwaggerGen.SwaggerGenerator.GeneratePaths(IEnumerable`1 apiDescriptions, SchemaRepository schemaRepository)
   at Swashbuckle.AspNetCore.SwaggerGen.SwaggerGenerator.GetSwagger(String documentName, String host, String basePath)
   at Swashbuckle.AspNetCore.Swagger.SwaggerMiddleware.Invoke(HttpContext httpContext, ISwaggerProvider swaggerProvider)
   at Microsoft.AspNetCore.Diagnostics.DeveloperExceptionPageMiddleware.Invoke(HttpContext context)
2022-04-17 14:13:01.8449 Microsoft.AspNetCore.Server.Kestrel Overriding address(es) 'http://localhost:5165'. Binding to endpoints defined via IConfiguration and/or UseKestrel() instead.
2022-04-17 14:13:01.9017 Microsoft.Hosting.Lifetime Now listening on: http://[::]:50008
2022-04-17 14:13:01.9134 Microsoft.Hosting.Lifetime Application started. Press Ctrl+C to shut down.
2022-04-17 14:13:01.9134 Microsoft.Hosting.Lifetime Hosting environment: Development
2022-04-17 14:13:01.9247 Microsoft.Hosting.Lifetime Content root path: C:\Workshops\asp.net-core\6.0\dotnetconsulting.UserManagement\dotnetconsulting.UserManagement.WebApi\
2022-04-17 14:16:40.9246 Microsoft.AspNetCore.Server.Kestrel Overriding address(es) 'http://localhost:5165'. Binding to endpoints defined via IConfiguration and/or UseKestrel() instead.
2022-04-17 14:16:40.9743 Microsoft.Hosting.Lifetime Now listening on: http://[::]:50008
2022-04-17 14:16:40.9743 Microsoft.Hosting.Lifetime Application started. Press Ctrl+C to shut down.
2022-04-17 14:16:40.9899 Microsoft.Hosting.Lifetime Hosting environment: Development
2022-04-17 14:16:40.9899 Microsoft.Hosting.Lifetime Content root path: C:\Workshops\asp.net-core\6.0\dotnetconsulting.UserManagement\dotnetconsulting.UserManagement.WebApi\
2022-04-17 14:16:50.7594 Microsoft.EntityFrameworkCore.Infrastructure Entity Framework Core 6.0.3 initialized 'UserManagementContext' using provider 'Microsoft.EntityFrameworkCore.SqlServer:6.0.3' with options: MaxPoolSize=1024 
2022-04-17 14:16:50.8903 dotnetconsulting.UserManagement.Logic.Logic FetchSingleUserAsync(U000004)
2022-04-17 14:16:52.0474 Microsoft.EntityFrameworkCore.Query Compiling a query which loads related collections for more than one collection navigation, either via 'Include' or through projection, but no 'QuerySplittingBehavior' has been configured. By default, Entity Framework will use 'QuerySplittingBehavior.SingleQuery', which can potentially result in slow query performance. See https://go.microsoft.com/fwlink/?linkid=2134277 for more information. To identify the query that's triggering this warning call 'ConfigureWarnings(w => w.Throw(RelationalEventId.MultipleCollectionIncludeWarning))'.
2022-04-17 14:16:53.6074 Microsoft.EntityFrameworkCore.Database.Command Executed DbCommand (174ms) [Parameters=[@__UNumber_0='?' (Size = 450)], CommandType='Text', CommandTimeout='30']
SELECT [t].[ObjectId], [t].[Email], [t].[FirstName], [t].[LastName], [t].[Name], [t].[ResourceId], [t0].[ObjectId], [t0].[Rolename], [t0].[ObjectId0], [u1].[ObjectId], [u1].[PlantCode], [u1].[UserObjectId]
FROM (
    SELECT TOP(1) [u].[ObjectId], [u].[Email], [u].[FirstName], [u].[LastName], [u].[Name], [u].[ResourceId]
    FROM [dbo].[Users] AS [u]
    WHERE [u].[Name] = @__UNumber_0
) AS [t]
LEFT JOIN (
    SELECT [r].[ObjectId], [r].[Rolename], [u0].[ObjectId] AS [ObjectId0], [u0].[UserObjectId]
    FROM [dbo].[UserRoles] AS [u0]
    INNER JOIN [dbo].[Roles] AS [r] ON [u0].[RoleObjectId] = [r].[ObjectId]
) AS [t0] ON [t].[ObjectId] = [t0].[UserObjectId]
LEFT JOIN [dbo].[UserPlantCodes] AS [u1] ON [t].[ObjectId] = [u1].[UserObjectId]
ORDER BY [t].[ObjectId], [t0].[ObjectId0], [t0].[ObjectId]
2022-04-17 14:17:50.2006 Microsoft.AspNetCore.Server.Kestrel Overriding address(es) 'http://localhost:5165'. Binding to endpoints defined via IConfiguration and/or UseKestrel() instead.
2022-04-17 14:17:50.2566 Microsoft.Hosting.Lifetime Now listening on: http://[::]:50008
2022-04-17 14:17:50.2566 Microsoft.Hosting.Lifetime Application started. Press Ctrl+C to shut down.
2022-04-17 14:17:50.2695 Microsoft.Hosting.Lifetime Hosting environment: Development
2022-04-17 14:17:50.2695 Microsoft.Hosting.Lifetime Content root path: C:\Workshops\asp.net-core\6.0\dotnetconsulting.UserManagement\dotnetconsulting.UserManagement.WebApi\
2022-04-17 14:19:25.5770 Microsoft.AspNetCore.Server.Kestrel Overriding address(es) 'http://localhost:5165'. Binding to endpoints defined via IConfiguration and/or UseKestrel() instead.
2022-04-17 14:19:25.6270 Microsoft.Hosting.Lifetime Now listening on: http://[::]:50008
2022-04-17 14:19:25.6270 Microsoft.Hosting.Lifetime Application started. Press Ctrl+C to shut down.
2022-04-17 14:19:25.6399 Microsoft.Hosting.Lifetime Hosting environment: Development
2022-04-17 14:19:25.6399 Microsoft.Hosting.Lifetime Content root path: C:\Workshops\asp.net-core\6.0\dotnetconsulting.UserManagement\dotnetconsulting.UserManagement.WebApi\
2022-04-17 14:21:57.1257 Microsoft.AspNetCore.Server.Kestrel Overriding address(es) 'http://localhost:5165'. Binding to endpoints defined via IConfiguration and/or UseKestrel() instead.
2022-04-17 14:21:57.1624 Microsoft.Hosting.Lifetime Now listening on: http://[::]:50008
2022-04-17 14:21:57.1819 Microsoft.Hosting.Lifetime Application started. Press Ctrl+C to shut down.
2022-04-17 14:21:57.1819 Microsoft.Hosting.Lifetime Hosting environment: Development
2022-04-17 14:21:57.1914 Microsoft.Hosting.Lifetime Content root path: C:\Workshops\asp.net-core\6.0\dotnetconsulting.UserManagement\dotnetconsulting.UserManagement.WebApi\
2022-04-17 14:22:05.5515 Microsoft.EntityFrameworkCore.Infrastructure Entity Framework Core 6.0.3 initialized 'UserManagementContext' using provider 'Microsoft.EntityFrameworkCore.SqlServer:6.0.3' with options: MaxPoolSize=1024 
2022-04-17 14:22:05.6553 dotnetconsulting.UserManagement.Logic.Logic FetchSingleUserAsync(U000004)
2022-04-17 14:22:06.6707 Microsoft.EntityFrameworkCore.Query Compiling a query which loads related collections for more than one collection navigation, either via 'Include' or through projection, but no 'QuerySplittingBehavior' has been configured. By default, Entity Framework will use 'QuerySplittingBehavior.SingleQuery', which can potentially result in slow query performance. See https://go.microsoft.com/fwlink/?linkid=2134277 for more information. To identify the query that's triggering this warning call 'ConfigureWarnings(w => w.Throw(RelationalEventId.MultipleCollectionIncludeWarning))'.
2022-04-17 14:22:07.9464 Microsoft.EntityFrameworkCore.Database.Command Executed DbCommand (138ms) [Parameters=[@__UNumber_0='?' (Size = 450)], CommandType='Text', CommandTimeout='30']
SELECT [t].[ObjectId], [t].[Email], [t].[FirstName], [t].[LastName], [t].[Name], [t].[ResourceId], [t0].[ObjectId], [t0].[Rolename], [t0].[ObjectId0], [u1].[ObjectId], [u1].[PlantCode], [u1].[UserObjectId]
FROM (
    SELECT TOP(1) [u].[ObjectId], [u].[Email], [u].[FirstName], [u].[LastName], [u].[Name], [u].[ResourceId]
    FROM [dbo].[Users] AS [u]
    WHERE [u].[Name] = @__UNumber_0
) AS [t]
LEFT JOIN (
    SELECT [r].[ObjectId], [r].[Rolename], [u0].[ObjectId] AS [ObjectId0], [u0].[UserObjectId]
    FROM [dbo].[UserRoles] AS [u0]
    INNER JOIN [dbo].[Roles] AS [r] ON [u0].[RoleObjectId] = [r].[ObjectId]
) AS [t0] ON [t].[ObjectId] = [t0].[UserObjectId]
LEFT JOIN [dbo].[UserPlantCodes] AS [u1] ON [t].[ObjectId] = [u1].[UserObjectId]
ORDER BY [t].[ObjectId], [t0].[ObjectId0], [t0].[ObjectId]
2022-04-17 14:22:08.9187 dotnetconsulting.UserManagement.Logic.Logic FetchAllUsersAsync()
2022-04-17 14:22:08.9860 Microsoft.EntityFrameworkCore.Query Compiling a query which loads related collections for more than one collection navigation, either via 'Include' or through projection, but no 'QuerySplittingBehavior' has been configured. By default, Entity Framework will use 'QuerySplittingBehavior.SingleQuery', which can potentially result in slow query performance. See https://go.microsoft.com/fwlink/?linkid=2134277 for more information. To identify the query that's triggering this warning call 'ConfigureWarnings(w => w.Throw(RelationalEventId.MultipleCollectionIncludeWarning))'.
2022-04-17 14:22:09.0324 Microsoft.EntityFrameworkCore.Database.Command Executed DbCommand (23ms) [Parameters=[], CommandType='Text', CommandTimeout='30']
SELECT [u].[ObjectId], [u].[Email], [u].[FirstName], [u].[LastName], [u].[Name], [u].[ResourceId], [t].[ObjectId], [t].[Rolename], [t].[ObjectId0], [u1].[ObjectId], [u1].[PlantCode], [u1].[UserObjectId]
FROM [dbo].[Users] AS [u]
LEFT JOIN (
    SELECT [r].[ObjectId], [r].[Rolename], [u0].[ObjectId] AS [ObjectId0], [u0].[UserObjectId]
    FROM [dbo].[UserRoles] AS [u0]
    INNER JOIN [dbo].[Roles] AS [r] ON [u0].[RoleObjectId] = [r].[ObjectId]
) AS [t] ON [u].[ObjectId] = [t].[UserObjectId]
LEFT JOIN [dbo].[UserPlantCodes] AS [u1] ON [u].[ObjectId] = [u1].[UserObjectId]
ORDER BY [u].[Name], [u].[ObjectId], [t].[ObjectId0], [t].[ObjectId]
2022-04-25 08:34:56.8661 Microsoft.AspNetCore.Server.Kestrel Overriding address(es) 'http://localhost:5165'. Binding to endpoints defined via IConfiguration and/or UseKestrel() instead.
2022-04-25 08:34:57.2850 Microsoft.Hosting.Lifetime Now listening on: http://[::]:50008
2022-04-25 08:34:57.2981 Microsoft.Hosting.Lifetime Application started. Press Ctrl+C to shut down.
2022-04-25 08:34:57.2981 Microsoft.Hosting.Lifetime Hosting environment: Development
2022-04-25 08:34:57.2981 Microsoft.Hosting.Lifetime Content root path: C:\Workshops\asp.net-core\6.0\dotnetconsulting.UserManagement\dotnetconsulting.UserManagement.WebApi\
2022-04-25 08:35:06.1807 Microsoft.EntityFrameworkCore.Infrastructure Entity Framework Core 6.0.3 initialized 'UserManagementContext' using provider 'Microsoft.EntityFrameworkCore.SqlServer:6.0.3' with options: MaxPoolSize=1024 
2022-04-25 08:35:06.2149 dotnetconsulting.UserManagement.Logic.Logic FetchAvailableSystemPermissionsAsync()
2022-04-25 08:35:06.8073 Microsoft.EntityFrameworkCore.Database.Command Executed DbCommand (26ms) [Parameters=[], CommandType='Text', CommandTimeout='30']
SELECT [r].[ObjectId], [r].[Rolename]
FROM [dbo].[Roles] AS [r]
ORDER BY [r].[Rolename]
