2022-05-10 13:29:10.0486 Microsoft.Hosting.Lifetime Now listening on: https://localhost:7076
2022-05-10 13:29:10.1083 Microsoft.Hosting.Lifetime Now listening on: http://localhost:5076
2022-05-10 13:29:10.1185 Microsoft.Hosting.Lifetime Application started. Press Ctrl+C to shut down.
2022-05-10 13:29:10.1185 Microsoft.Hosting.Lifetime Hosting environment: Development
2022-05-10 13:29:10.1185 Microsoft.Hosting.Lifetime Content root path: C:\Workshops\asp.net-core\6.0\dotnetconsulting.UserManagement\dotnetconsulting.UserManagement.GraphQL\
2022-05-10 13:29:51.3036 Microsoft.Hosting.Lifetime Now listening on: https://localhost:7076
2022-05-10 13:29:51.3374 Microsoft.Hosting.Lifetime Now listening on: http://localhost:5076
2022-05-10 13:29:51.3476 Microsoft.Hosting.Lifetime Application started. Press Ctrl+C to shut down.
2022-05-10 13:29:51.3476 Microsoft.Hosting.Lifetime Hosting environment: Development
2022-05-10 13:29:51.3476 Microsoft.Hosting.Lifetime Content root path: C:\Workshops\asp.net-core\6.0\dotnetconsulting.UserManagement\dotnetconsulting.UserManagement.GraphQL\
2022-05-10 13:30:21.2608 Microsoft.Hosting.Lifetime Now listening on: https://localhost:7076
2022-05-10 13:30:21.2877 Microsoft.Hosting.Lifetime Now listening on: http://localhost:5076
2022-05-10 13:30:21.3075 Microsoft.Hosting.Lifetime Application started. Press Ctrl+C to shut down.
2022-05-10 13:30:21.3075 Microsoft.Hosting.Lifetime Hosting environment: Development
2022-05-10 13:30:21.3075 Microsoft.Hosting.Lifetime Content root path: C:\Workshops\asp.net-core\6.0\dotnetconsulting.UserManagement\dotnetconsulting.UserManagement.GraphQL\
2022-05-10 13:30:45.3536 Microsoft.Hosting.Lifetime Now listening on: https://localhost:7076
2022-05-10 13:30:45.3804 Microsoft.Hosting.Lifetime Now listening on: http://localhost:5076
2022-05-10 13:30:45.4011 Microsoft.Hosting.Lifetime Application started. Press Ctrl+C to shut down.
2022-05-10 13:30:45.4011 Microsoft.Hosting.Lifetime Hosting environment: Development
2022-05-10 13:30:45.4011 Microsoft.Hosting.Lifetime Content root path: C:\Workshops\asp.net-core\6.0\dotnetconsulting.UserManagement\dotnetconsulting.UserManagement.GraphQL\
2022-07-13 14:20:18.8433 Microsoft.Hosting.Lifetime Now listening on: https://localhost:7076
2022-07-13 14:20:18.8788 Microsoft.Hosting.Lifetime Now listening on: http://localhost:5076
2022-07-13 14:20:18.9060 Microsoft.Hosting.Lifetime Application started. Press Ctrl+C to shut down.
2022-07-13 14:20:18.9103 Microsoft.Hosting.Lifetime Hosting environment: Development
2022-07-13 14:20:18.9103 Microsoft.Hosting.Lifetime Content root path: C:\Workshops\asp.net-core\6.0\dotnetconsulting.UserManagement\dotnetconsulting.UserManagement.GraphQL\
2022-07-13 14:20:27.5960 Microsoft.EntityFrameworkCore.Infrastructure Entity Framework Core 6.0.3 initialized 'UserManagementContext' using provider 'Microsoft.EntityFrameworkCore.SqlServer:6.0.3' with options: MaxPoolSize=1024 
2022-07-13 14:20:29.0864 Microsoft.EntityFrameworkCore.Database.Command Executed DbCommand (98ms) [Parameters=[@__p_0='?' (DbType = Int32), @__p_1='?' (DbType = Int32)], CommandType='Text', CommandTimeout='30']
SELECT [t].[ObjectId], [t0].[ObjectId], [t0].[Name], [t0].[ObjectId0], [t].[Name], [t].[FirstName], [t].[LastName]
FROM (
    SELECT [u].[Name], [u].[FirstName], [u].[LastName], [u].[ObjectId], [u].[Email]
    FROM [dbo].[Users] AS [u]
    ORDER BY [u].[Name], [u].[Email] DESC
    OFFSET @__p_0 ROWS FETCH NEXT @__p_1 ROWS ONLY
) AS [t]
LEFT JOIN (
    SELECT [r].[ObjectId], [r].[Rolename] AS [Name], [u0].[ObjectId] AS [ObjectId0], [u0].[UserObjectId]
    FROM [dbo].[UserRoles] AS [u0]
    INNER JOIN [dbo].[Roles] AS [r] ON [u0].[RoleObjectId] = [r].[ObjectId]
) AS [t0] ON [t].[ObjectId] = [t0].[UserObjectId]
ORDER BY [t].[Name], [t].[Email] DESC, [t].[ObjectId], [t0].[ObjectId0]
2022-07-13 14:22:44.5985 Microsoft.EntityFrameworkCore.Database.Command Executed DbCommand (8ms) [Parameters=[@__p_0='?' (DbType = Int32), @__p_1='?' (DbType = Int32)], CommandType='Text', CommandTimeout='30']
SELECT [t].[ObjectId], [t0].[ObjectId], [t0].[Name], [t0].[ObjectId0], [t].[Name], [t].[FirstName], [t].[LastName]
FROM (
    SELECT [u].[Name], [u].[FirstName], [u].[LastName], [u].[ObjectId], [u].[Email]
    FROM [dbo].[Users] AS [u]
    ORDER BY [u].[Name], [u].[Email] DESC
    OFFSET @__p_0 ROWS FETCH NEXT @__p_1 ROWS ONLY
) AS [t]
LEFT JOIN (
    SELECT [r].[ObjectId], [r].[Rolename] AS [Name], [u0].[ObjectId] AS [ObjectId0], [u0].[UserObjectId]
    FROM [dbo].[UserRoles] AS [u0]
    INNER JOIN [dbo].[Roles] AS [r] ON [u0].[RoleObjectId] = [r].[ObjectId]
) AS [t0] ON [t].[ObjectId] = [t0].[UserObjectId]
ORDER BY [t].[Name], [t].[Email] DESC, [t].[ObjectId], [t0].[ObjectId0]
2022-07-13 14:22:45.2805 Microsoft.EntityFrameworkCore.Database.Command Executed DbCommand (2ms) [Parameters=[@__p_0='?' (DbType = Int32), @__p_1='?' (DbType = Int32)], CommandType='Text', CommandTimeout='30']
SELECT [t].[ObjectId], [t0].[ObjectId], [t0].[Name], [t0].[ObjectId0], [t].[Name], [t].[FirstName], [t].[LastName]
FROM (
    SELECT [u].[Name], [u].[FirstName], [u].[LastName], [u].[ObjectId], [u].[Email]
    FROM [dbo].[Users] AS [u]
    ORDER BY [u].[Name], [u].[Email] DESC
    OFFSET @__p_0 ROWS FETCH NEXT @__p_1 ROWS ONLY
) AS [t]
LEFT JOIN (
    SELECT [r].[ObjectId], [r].[Rolename] AS [Name], [u0].[ObjectId] AS [ObjectId0], [u0].[UserObjectId]
    FROM [dbo].[UserRoles] AS [u0]
    INNER JOIN [dbo].[Roles] AS [r] ON [u0].[RoleObjectId] = [r].[ObjectId]
) AS [t0] ON [t].[ObjectId] = [t0].[UserObjectId]
ORDER BY [t].[Name], [t].[Email] DESC, [t].[ObjectId], [t0].[ObjectId0]
2022-07-13 14:22:45.5436 Microsoft.EntityFrameworkCore.Database.Command Executed DbCommand (2ms) [Parameters=[@__p_0='?' (DbType = Int32), @__p_1='?' (DbType = Int32)], CommandType='Text', CommandTimeout='30']
SELECT [t].[ObjectId], [t0].[ObjectId], [t0].[Name], [t0].[ObjectId0], [t].[Name], [t].[FirstName], [t].[LastName]
FROM (
    SELECT [u].[Name], [u].[FirstName], [u].[LastName], [u].[ObjectId], [u].[Email]
    FROM [dbo].[Users] AS [u]
    ORDER BY [u].[Name], [u].[Email] DESC
    OFFSET @__p_0 ROWS FETCH NEXT @__p_1 ROWS ONLY
) AS [t]
LEFT JOIN (
    SELECT [r].[ObjectId], [r].[Rolename] AS [Name], [u0].[ObjectId] AS [ObjectId0], [u0].[UserObjectId]
    FROM [dbo].[UserRoles] AS [u0]
    INNER JOIN [dbo].[Roles] AS [r] ON [u0].[RoleObjectId] = [r].[ObjectId]
) AS [t0] ON [t].[ObjectId] = [t0].[UserObjectId]
ORDER BY [t].[Name], [t].[Email] DESC, [t].[ObjectId], [t0].[ObjectId0]
2022-07-13 14:22:45.8003 Microsoft.EntityFrameworkCore.Database.Command Executed DbCommand (2ms) [Parameters=[@__p_0='?' (DbType = Int32), @__p_1='?' (DbType = Int32)], CommandType='Text', CommandTimeout='30']
SELECT [t].[ObjectId], [t0].[ObjectId], [t0].[Name], [t0].[ObjectId0], [t].[Name], [t].[FirstName], [t].[LastName]
FROM (
    SELECT [u].[Name], [u].[FirstName], [u].[LastName], [u].[ObjectId], [u].[Email]
    FROM [dbo].[Users] AS [u]
    ORDER BY [u].[Name], [u].[Email] DESC
    OFFSET @__p_0 ROWS FETCH NEXT @__p_1 ROWS ONLY
) AS [t]
LEFT JOIN (
    SELECT [r].[ObjectId], [r].[Rolename] AS [Name], [u0].[ObjectId] AS [ObjectId0], [u0].[UserObjectId]
    FROM [dbo].[UserRoles] AS [u0]
    INNER JOIN [dbo].[Roles] AS [r] ON [u0].[RoleObjectId] = [r].[ObjectId]
) AS [t0] ON [t].[ObjectId] = [t0].[UserObjectId]
ORDER BY [t].[Name], [t].[Email] DESC, [t].[ObjectId], [t0].[ObjectId0]
2022-07-19 21:30:10.0389 Microsoft.Hosting.Lifetime Now listening on: https://localhost:7076
2022-07-19 21:30:10.0839 Microsoft.Hosting.Lifetime Now listening on: http://localhost:5076
2022-07-19 21:30:10.1044 Microsoft.Hosting.Lifetime Application started. Press Ctrl+C to shut down.
2022-07-19 21:30:10.1044 Microsoft.Hosting.Lifetime Hosting environment: Development
2022-07-19 21:30:10.1044 Microsoft.Hosting.Lifetime Content root path: C:\Workshops\asp.net-core\6.0\dotnetconsulting.UserManagement\dotnetconsulting.UserManagement.GraphQL\
